<?xml version="1.0" encoding="UTF-8"?>
<robot generator="Robot 3.1.2 (Python 3.6.0 on darwin)" generated="20200313 10:40:51.163" rpa="false">
<suite id="s1" name="Tests" source="/Users/shaunotey/Documents/QA:ROBOT/HealthMatters_TestSuites/tests">
<suite id="s1-s1" name="Regression" source="/Users/shaunotey/Documents/QA:ROBOT/HealthMatters_TestSuites/tests/03__regression">
<suite id="s1-s1-s1" name="Patient Chart Med Log" source="/Users/shaunotey/Documents/QA:ROBOT/HealthMatters_TestSuites/tests/03__regression/patient_chart_med_log.robot">
<kw name="Run Keywords" library="BuiltIn" type="setup">
<doc>Executes all the given keywords in a sequence.</doc>
<arguments>
<arg>I create a valid patient</arg>
<arg>Coughind</arg>
<arg>Forlot</arg>
<arg>Japnes</arg>
<arg>01/29/2019</arg>
<arg>AND</arg>
<arg>Go To</arg>
<arg>${BASE URL}${INSTANCE}</arg>
<arg>AND</arg>
<arg>Instance edit "Select Checkbox" on "Height"</arg>
<arg>AND</arg>
<arg>Click Button</arg>
<arg>commit</arg>
<arg>AND</arg>
<arg>Ajax wait</arg>
<arg>AND</arg>
<arg>Travel "slow" to "current" patients "medical orders" page in "${_LOCATION 1}"</arg>
<arg>AND</arg>
<arg>Pick medications</arg>
<arg>AND</arg>
<arg>I hit the "med log" patient tab</arg>
</arguments>
<kw name="I create a valid patient" library="creation">
<arguments>
<arg>Coughind</arg>
<arg>Forlot</arg>
<arg>Japnes</arg>
<arg>01/29/2019</arg>
</arguments>
<kw name="Create a new patient" library="creation">
<arguments>
<arg>${first name}</arg>
<arg>${middle name}</arg>
<arg>${last name}</arg>
<arg>${date}</arg>
<arg>${end}</arg>
</arguments>
<kw name="Run Keyword Unless" library="BuiltIn">
<doc>Runs the given keyword with the given arguments if ``condition`` is false.</doc>
<arguments>
<arg>${do not repeat}</arg>
<arg>Run Keywords</arg>
<arg>Click Link</arg>
<arg>/patients/new</arg>
<arg>AND</arg>
<arg>Location Should Be</arg>
<arg>${BASE URL}${PATIENTS}/new</arg>
</arguments>
<kw name="Run Keywords" library="BuiltIn">
<doc>Executes all the given keywords in a sequence.</doc>
<arguments>
<arg>Click Link</arg>
<arg>/patients/new</arg>
<arg>AND</arg>
<arg>Location Should Be</arg>
<arg>${BASE URL}${PATIENTS}/new</arg>
</arguments>
<kw name="Click Link" library="SeleniumLibrary">
<doc>Clicks a link identified by ``locator``.</doc>
<arguments>
<arg>/patients/new</arg>
</arguments>
<msg timestamp="20200313 10:40:51.808" level="INFO">Clicking link '/patients/new'.</msg>
<kw name="Custom screenshot" library="dom_var">
<kw name="Increment Running Screenshot" library="setup">
<assign>
<var>${index}</var>
</assign>
<kw name="Set Global Variable" library="BuiltIn">
<doc>Makes a variable available globally in all tests and suites.</doc>
<arguments>
<arg>${Screenshot Index}</arg>
<arg>${Screenshot Index+1}</arg>
</arguments>
<msg timestamp="20200313 10:40:51.833" level="FAIL">Resolving variable '${Screenshot Index+1}' failed: Variable '${Screenshot Index}' not found.</msg>
<status status="FAIL" starttime="20200313 10:40:51.809" endtime="20200313 10:40:51.833"></status>
</kw>
<status status="FAIL" starttime="20200313 10:40:51.808" endtime="20200313 10:40:51.833"></status>
</kw>
<status status="FAIL" starttime="20200313 10:40:51.808" endtime="20200313 10:40:51.833"></status>
</kw>
<msg timestamp="20200313 10:40:51.833" level="WARN">Keyword 'Custom screenshot' could not be run on failure: Resolving variable '${Screenshot Index+1}' failed: Variable '${Screenshot Index}' not found.</msg>
<msg timestamp="20200313 10:40:51.842" level="FAIL">No browser is open.</msg>
<status status="FAIL" starttime="20200313 10:40:51.807" endtime="20200313 10:40:51.843"></status>
</kw>
<status status="FAIL" starttime="20200313 10:40:51.807" endtime="20200313 10:40:51.843"></status>
</kw>
<status status="FAIL" starttime="20200313 10:40:51.807" endtime="20200313 10:40:51.843"></status>
</kw>
<status status="FAIL" starttime="20200313 10:40:51.806" endtime="20200313 10:40:51.843"></status>
</kw>
<status status="FAIL" starttime="20200313 10:40:51.806" endtime="20200313 10:40:51.843"></status>
</kw>
<status status="FAIL" starttime="20200313 10:40:51.805" endtime="20200313 10:40:51.843"></status>
</kw>
<test id="s1-s1-s1-t1" name="Adding vitals, glucose, and weight">
<tags>
<tag>exceptions</tag>
<tag>patient chart story</tag>
<tag>points-7</tag>
<tag>re014</tag>
<tag>regression</tag>
</tags>
<status status="FAIL" starttime="20200313 10:40:51.843" endtime="20200313 10:40:51.845" critical="yes">Parent suite setup failed:
No browser is open.</status>
</test>
<test id="s1-s1-s1-t2" name="Log vitals, glucose, and weight, then compare their history">
<tags>
<tag>exceptions</tag>
<tag>patient chart story</tag>
<tag>points-7</tag>
<tag>re014</tag>
<tag>regression</tag>
</tags>
<status status="FAIL" starttime="20200313 10:40:51.846" endtime="20200313 10:40:51.846" critical="yes">Parent suite setup failed:
No browser is open.</status>
</test>
<test id="s1-s1-s1-t3" name="Notate yes if it was given">
<tags>
<tag>exceptions</tag>
<tag>patient chart story</tag>
<tag>points-7</tag>
<tag>re014</tag>
<tag>regression</tag>
</tags>
<status status="FAIL" starttime="20200313 10:40:51.847" endtime="20200313 10:40:51.847" critical="yes">Parent suite setup failed:
No browser is open.</status>
</test>
<test id="s1-s1-s1-t4" name="Notate not answered and no if it was not given">
<tags>
<tag>exceptions</tag>
<tag>patient chart story</tag>
<tag>points-7</tag>
<tag>re014</tag>
<tag>regression</tag>
</tags>
<status status="FAIL" starttime="20200313 10:40:51.848" endtime="20200313 10:40:51.848" critical="yes">Parent suite setup failed:
No browser is open.</status>
</test>
<test id="s1-s1-s1-t5" name="Enter note after observation administration">
<tags>
<tag>exceptions</tag>
<tag>patient chart story</tag>
<tag>points-7</tag>
<tag>re014</tag>
<tag>regression</tag>
</tags>
<status status="FAIL" starttime="20200313 10:40:51.848" endtime="20200313 10:40:51.849" critical="yes">Parent suite setup failed:
No browser is open.</status>
</test>
<test id="s1-s1-s1-t6" name="Enter note before observation administration">
<tags>
<tag>exceptions</tag>
<tag>patient chart story</tag>
<tag>points-7</tag>
<tag>re014</tag>
<tag>regression</tag>
</tags>
<status status="FAIL" starttime="20200313 10:40:51.849" endtime="20200313 10:40:51.850" critical="yes">Parent suite setup failed:
No browser is open.</status>
</test>
<test id="s1-s1-s1-t7" name="Enter reason for taking prn medication">
<tags>
<tag>exceptions</tag>
<tag>patient chart story</tag>
<tag>points-7</tag>
<tag>re014</tag>
<tag>regression</tag>
</tags>
<status status="FAIL" starttime="20200313 10:40:51.850" endtime="20200313 10:40:51.851" critical="yes">Parent suite setup failed:
No browser is open.</status>
</test>
<test id="s1-s1-s1-t8" name="Click med log link">
<tags>
<tag>exceptions</tag>
<tag>patient chart story</tag>
<tag>points-7</tag>
<tag>re014</tag>
<tag>regression</tag>
</tags>
<status status="FAIL" starttime="20200313 10:40:51.851" endtime="20200313 10:40:51.852" critical="yes">Parent suite setup failed:
No browser is open.</status>
</test>
<test id="s1-s1-s1-t9" name="Click med pass link">
<tags>
<tag>exceptions</tag>
<tag>patient chart story</tag>
<tag>points-7</tag>
<tag>re014</tag>
<tag>regression</tag>
</tags>
<status status="FAIL" starttime="20200313 10:40:51.853" endtime="20200313 10:40:51.853" critical="yes">Parent suite setup failed:
No browser is open.</status>
</test>
<test id="s1-s1-s1-t10" name="Click scroll to top">
<tags>
<tag>exceptions</tag>
<tag>patient chart story</tag>
<tag>points-7</tag>
<tag>re014</tag>
<tag>regression</tag>
</tags>
<status status="FAIL" starttime="20200313 10:40:51.854" endtime="20200313 10:40:51.854" critical="yes">Parent suite setup failed:
No browser is open.</status>
</test>
<kw name="Run Keywords" library="BuiltIn" type="teardown">
<doc>Executes all the given keywords in a sequence.</doc>
<arguments>
<arg>Go To</arg>
<arg>${BASE URL}${INSTANCE}</arg>
<arg>AND</arg>
<arg>Instance edit "Unselect Checkbox" on "Height"</arg>
<arg>AND</arg>
<arg>Click Button</arg>
<arg>commit</arg>
<arg>AND</arg>
<arg>Ajax wait</arg>
<arg>AND</arg>
<arg>Remove this patient</arg>
<arg>Coughind Forlot Japnes</arg>
<arg>AND</arg>
<arg>Return to mainpage</arg>
</arguments>
<kw name="Go To" library="SeleniumLibrary">
<doc>Navigates the current browser window to the provided ``url``.</doc>
<arguments>
<arg>${BASE URL}${INSTANCE}</arg>
</arguments>
<msg timestamp="20200313 10:40:51.856" level="INFO">Opening url 'https://rel-test02.kipuworks.com/site_settings/1/edit'</msg>
<kw name="Custom screenshot" library="dom_var">
<kw name="Increment Running Screenshot" library="setup">
<assign>
<var>${index}</var>
</assign>
<kw name="Set Global Variable" library="BuiltIn">
<doc>Makes a variable available globally in all tests and suites.</doc>
<arguments>
<arg>${Screenshot Index}</arg>
<arg>${Screenshot Index+1}</arg>
</arguments>
<msg timestamp="20200313 10:40:51.879" level="FAIL">Resolving variable '${Screenshot Index+1}' failed: Variable '${Screenshot Index}' not found.</msg>
<status status="FAIL" starttime="20200313 10:40:51.857" endtime="20200313 10:40:51.879"></status>
</kw>
<msg timestamp="20200313 10:40:51.890" level="INFO">${index} = None</msg>
<msg timestamp="20200313 10:40:51.890" level="FAIL">Replacing variables from keyword return value failed: Variable '${Screenshot Index}' not found.</msg>
<status status="FAIL" starttime="20200313 10:40:51.856" endtime="20200313 10:40:51.890"></status>
</kw>
<kw name="Run Keyword If" library="BuiltIn">
<doc>Runs the given keyword with the given arguments, if ``condition`` is true.</doc>
<arguments>
<arg>${RF HUG}</arg>
<arg>Run Keyword And Ignore Error</arg>
<arg>Capture Page Screenshot</arg>
<arg>screenshots/selenium-screenshot-${UUID}-${index.__str__()}.png</arg>
<arg>ELSE</arg>
<arg>Run Keyword And Ignore Error</arg>
<arg>Capture Page Screenshot</arg>
<arg>selenium-screenshot-${index.__str__()}.png</arg>
</arguments>
<assign>
<var>${passes}</var>
<var>${screenshot}</var>
</assign>
<kw name="Run Keyword And Ignore Error" library="BuiltIn">
<doc>Runs the given keyword with the given arguments and ignores possible error.</doc>
<arguments>
<arg>Capture Page Screenshot</arg>
<arg>selenium-screenshot-${index.__str__()}.png</arg>
</arguments>
<kw name="Capture Page Screenshot" library="SeleniumLibrary">
<doc>Takes a screenshot of the current page and embeds it into a log file.</doc>
<arguments>
<arg>selenium-screenshot-${index.__str__()}.png</arg>
</arguments>
<msg timestamp="20200313 10:40:51.891" level="INFO">Cannot capture screenshot because no browser is open.</msg>
<status status="PASS" starttime="20200313 10:40:51.891" endtime="20200313 10:40:51.891"></status>
</kw>
<status status="PASS" starttime="20200313 10:40:51.891" endtime="20200313 10:40:51.891"></status>
</kw>
<msg timestamp="20200313 10:40:51.891" level="INFO">${passes} = PASS</msg>
<msg timestamp="20200313 10:40:51.891" level="INFO">${screenshot} = None</msg>
<status status="PASS" starttime="20200313 10:40:51.890" endtime="20200313 10:40:51.891"></status>
</kw>
<kw name="Run Keyword If" library="BuiltIn">
<doc>Runs the given keyword with the given arguments, if ``condition`` is true.</doc>
<arguments>
<arg>'${passes}'=='PASS' and ${index}%20==0</arg>
<arg>Log To Console</arg>
<arg>${screenshot}</arg>
</arguments>
<msg timestamp="20200313 10:40:51.892" level="FAIL">Evaluating expression ''PASS'=='PASS' and None%20==0' failed: TypeError: unsupported operand type(s) for %: 'NoneType' and 'int'</msg>
<status status="FAIL" starttime="20200313 10:40:51.892" endtime="20200313 10:40:51.892"></status>
</kw>
<status status="FAIL" starttime="20200313 10:40:51.856" endtime="20200313 10:40:51.892"></status>
</kw>
<msg timestamp="20200313 10:40:51.892" level="WARN">Keyword 'Custom screenshot' could not be run on failure: Several failures occurred:

1) Replacing variables from keyword return value failed: Variable '${Screenshot Index}' not found.

2) Evaluating expression ''PASS'=='PASS' and None%20==0' failed: TypeError: unsupported operand type(s) for %: 'NoneType' and 'int'</msg>
<msg timestamp="20200313 10:40:51.895" level="FAIL">No browser is open.</msg>
<status status="FAIL" starttime="20200313 10:40:51.855" endtime="20200313 10:40:51.895"></status>
</kw>
<kw name="Instance edit &quot;Unselect Checkbox&quot; on &quot;Height&quot;" library="suite">
<kw name="Split String" library="String">
<doc>Splits the ``string`` using ``separator`` as a delimiter string.</doc>
<arguments>
<arg>${dom}</arg>
<arg>:</arg>
<arg>1</arg>
</arguments>
<assign>
<var>${dom}</var>
<var>@{type}</var>
</assign>
<msg timestamp="20200313 10:40:51.897" level="INFO">${dom} = Height</msg>
<msg timestamp="20200313 10:40:51.897" level="INFO">@{type} = [ ]</msg>
<status status="PASS" starttime="20200313 10:40:51.896" endtime="20200313 10:40:51.897"></status>
</kw>
<kw name="Set Variable If" library="BuiltIn">
<doc>Sets variable based on the given condition.</doc>
<arguments>
<arg>${type}</arg>
<arg>@{type}[0]</arg>
<arg>checkbox</arg>
</arguments>
<assign>
<var>${type}</var>
</assign>
<msg timestamp="20200313 10:40:51.897" level="INFO">${type} = checkbox</msg>
<status status="PASS" starttime="20200313 10:40:51.897" endtime="20200313 10:40:51.897"></status>
</kw>
<kw name="Set Variable If" library="BuiltIn">
<doc>Sets variable based on the given condition.</doc>
<arguments>
<arg>'${type}'!='radio'</arg>
<arg>//*[contains(text(),'${dom}')]/ancestor::tr/td[2]//</arg>
<arg>True</arg>
</arguments>
<assign>
<var>${dom}</var>
</assign>
<msg timestamp="20200313 10:40:51.898" level="INFO">${dom} = //*[contains(text(),'Height')]/ancestor::tr/td[2]//</msg>
<status status="PASS" starttime="20200313 10:40:51.897" endtime="20200313 10:40:51.898"></status>
</kw>
<kw name="Set Variable If" library="BuiltIn">
<doc>Sets variable based on the given condition.</doc>
<arguments>
<arg>'${type}'=='dropdown'</arg>
<arg>select</arg>
<arg>input</arg>
</arguments>
<assign>
<var>${input}</var>
</assign>
<msg timestamp="20200313 10:40:51.898" level="INFO">${input} = input</msg>
<status status="PASS" starttime="20200313 10:40:51.898" endtime="20200313 10:40:51.898"></status>
</kw>
<kw name="Set Variable If" library="BuiltIn">
<doc>Sets variable based on the given condition.</doc>
<arguments>
<arg>'${input}'=='select'</arg>
<arg>${dom}${input}</arg>
<arg>'${type}'=='radio'</arg>
<arg>${dom}${input}\[@name='kipu_labs_lab_client_settings[use_label_printer]']</arg>
<arg>True</arg>
<arg>${dom}${input}\[@type='${type}']</arg>
</arguments>
<assign>
<var>${dom}</var>
</assign>
<kw name="Set Variable If" library="BuiltIn">
<doc>Sets variable based on the given condition.</doc>
<arguments>
<arg>'${type}'=='radio'</arg>
<arg>${dom}${input}\[@name='kipu_labs_lab_client_settings[use_label_printer]']</arg>
<arg>True</arg>
<arg>${dom}${input}\[@type='${type}']</arg>
</arguments>
<kw name="Set Variable If" library="BuiltIn">
<doc>Sets variable based on the given condition.</doc>
<arguments>
<arg>True</arg>
<arg>${dom}${input}\[@type='${type}']</arg>
</arguments>
<status status="PASS" starttime="20200313 10:40:51.899" endtime="20200313 10:40:51.899"></status>
</kw>
<status status="PASS" starttime="20200313 10:40:51.899" endtime="20200313 10:40:51.899"></status>
</kw>
<msg timestamp="20200313 10:40:51.899" level="INFO">${dom} = //*[contains(text(),'Height')]/ancestor::tr/td[2]//input[@type='checkbox']</msg>
<status status="PASS" starttime="20200313 10:40:51.898" endtime="20200313 10:40:51.899"></status>
</kw>
<kw name="Run Keyword If" library="BuiltIn">
<doc>Runs the given keyword with the given arguments, if ``condition`` is true.</doc>
<arguments>
<arg>'${type}'=='text'</arg>
<arg>Get Value</arg>
<arg>${dom}</arg>
<arg>ELSE IF</arg>
<arg>'${type}'=='dropdown'</arg>
<arg>Get Text</arg>
<arg>${dom}/option[@selected='selected']</arg>
<arg>ELSE IF</arg>
<arg>'${type}'=='radio'</arg>
<arg>null</arg>
<arg>ELSE</arg>
<arg>Run Keyword And Return Status</arg>
<arg>Checkbox Should Be Selected</arg>
<arg>${dom}</arg>
</arguments>
<assign>
<var>${orig}</var>
</assign>
<kw name="Run Keyword And Return Status" library="BuiltIn">
<doc>Runs the given keyword with given arguments and returns the status as a Boolean value.</doc>
<arguments>
<arg>Checkbox Should Be Selected</arg>
<arg>${dom}</arg>
</arguments>
<kw name="Checkbox Should Be Selected" library="SeleniumLibrary">
<doc>Verifies checkbox ``locator`` is selected/checked.</doc>
<arguments>
<arg>${dom}</arg>
</arguments>
<msg timestamp="20200313 10:40:51.901" level="INFO">Verifying checkbox '//*[contains(text(),'Height')]/ancestor::tr/td[2]//input[@type='checkbox']' is selected.</msg>
<kw name="Custom screenshot" library="dom_var">
<kw name="Increment Running Screenshot" library="setup">
<assign>
<var>${index}</var>
</assign>
<kw name="Set Global Variable" library="BuiltIn">
<doc>Makes a variable available globally in all tests and suites.</doc>
<arguments>
<arg>${Screenshot Index}</arg>
<arg>${Screenshot Index+1}</arg>
</arguments>
<msg timestamp="20200313 10:40:51.924" level="FAIL">Resolving variable '${Screenshot Index+1}' failed: Variable '${Screenshot Index}' not found.</msg>
<status status="FAIL" starttime="20200313 10:40:51.902" endtime="20200313 10:40:51.924"></status>
</kw>
<msg timestamp="20200313 10:40:51.936" level="INFO">${index} = None</msg>
<msg timestamp="20200313 10:40:51.936" level="FAIL">Replacing variables from keyword return value failed: Variable '${Screenshot Index}' not found.</msg>
<status status="FAIL" starttime="20200313 10:40:51.901" endtime="20200313 10:40:51.936"></status>
</kw>
<kw name="Run Keyword If" library="BuiltIn">
<doc>Runs the given keyword with the given arguments, if ``condition`` is true.</doc>
<arguments>
<arg>${RF HUG}</arg>
<arg>Run Keyword And Ignore Error</arg>
<arg>Capture Page Screenshot</arg>
<arg>screenshots/selenium-screenshot-${UUID}-${index.__str__()}.png</arg>
<arg>ELSE</arg>
<arg>Run Keyword And Ignore Error</arg>
<arg>Capture Page Screenshot</arg>
<arg>selenium-screenshot-${index.__str__()}.png</arg>
</arguments>
<assign>
<var>${passes}</var>
<var>${screenshot}</var>
</assign>
<kw name="Run Keyword And Ignore Error" library="BuiltIn">
<doc>Runs the given keyword with the given arguments and ignores possible error.</doc>
<arguments>
<arg>Capture Page Screenshot</arg>
<arg>selenium-screenshot-${index.__str__()}.png</arg>
</arguments>
<kw name="Capture Page Screenshot" library="SeleniumLibrary">
<doc>Takes a screenshot of the current page and embeds it into a log file.</doc>
<arguments>
<arg>selenium-screenshot-${index.__str__()}.png</arg>
</arguments>
<msg timestamp="20200313 10:40:51.937" level="INFO">Cannot capture screenshot because no browser is open.</msg>
<status status="PASS" starttime="20200313 10:40:51.937" endtime="20200313 10:40:51.937"></status>
</kw>
<status status="PASS" starttime="20200313 10:40:51.936" endtime="20200313 10:40:51.937"></status>
</kw>
<msg timestamp="20200313 10:40:51.937" level="INFO">${passes} = PASS</msg>
<msg timestamp="20200313 10:40:51.937" level="INFO">${screenshot} = None</msg>
<status status="PASS" starttime="20200313 10:40:51.936" endtime="20200313 10:40:51.937"></status>
</kw>
<kw name="Run Keyword If" library="BuiltIn">
<doc>Runs the given keyword with the given arguments, if ``condition`` is true.</doc>
<arguments>
<arg>'${passes}'=='PASS' and ${index}%20==0</arg>
<arg>Log To Console</arg>
<arg>${screenshot}</arg>
</arguments>
<msg timestamp="20200313 10:40:51.938" level="FAIL">Evaluating expression ''PASS'=='PASS' and None%20==0' failed: TypeError: unsupported operand type(s) for %: 'NoneType' and 'int'</msg>
<status status="FAIL" starttime="20200313 10:40:51.937" endtime="20200313 10:40:51.938"></status>
</kw>
<status status="FAIL" starttime="20200313 10:40:51.901" endtime="20200313 10:40:51.938"></status>
</kw>
<msg timestamp="20200313 10:40:51.938" level="WARN">Keyword 'Custom screenshot' could not be run on failure: Several failures occurred:

1) Replacing variables from keyword return value failed: Variable '${Screenshot Index}' not found.

2) Evaluating expression ''PASS'=='PASS' and None%20==0' failed: TypeError: unsupported operand type(s) for %: 'NoneType' and 'int'</msg>
<msg timestamp="20200313 10:40:51.941" level="FAIL">No browser is open.</msg>
<status status="FAIL" starttime="20200313 10:40:51.900" endtime="20200313 10:40:51.941"></status>
</kw>
<status status="PASS" starttime="20200313 10:40:51.900" endtime="20200313 10:40:51.941"></status>
</kw>
<msg timestamp="20200313 10:40:51.941" level="INFO">${orig} = False</msg>
<status status="PASS" starttime="20200313 10:40:51.900" endtime="20200313 10:40:51.941"></status>
</kw>
<kw name="Set Variable If" library="BuiltIn">
<doc>Sets variable based on the given condition.</doc>
<arguments>
<arg>'${orig}'=='True'</arg>
<arg>x</arg>
<arg>not '${orig}'</arg>
<arg>o</arg>
<arg>True</arg>
<arg>${orig}</arg>
</arguments>
<assign>
<var>${orig}</var>
</assign>
<kw name="Set Variable If" library="BuiltIn">
<doc>Sets variable based on the given condition.</doc>
<arguments>
<arg>not '${orig}'</arg>
<arg>o</arg>
<arg>True</arg>
<arg>${orig}</arg>
</arguments>
<kw name="Set Variable If" library="BuiltIn">
<doc>Sets variable based on the given condition.</doc>
<arguments>
<arg>True</arg>
<arg>${orig}</arg>
</arguments>
<status status="PASS" starttime="20200313 10:40:51.942" endtime="20200313 10:40:51.943"></status>
</kw>
<status status="PASS" starttime="20200313 10:40:51.942" endtime="20200313 10:40:51.943"></status>
</kw>
<msg timestamp="20200313 10:40:51.943" level="INFO">${orig} = False</msg>
<status status="PASS" starttime="20200313 10:40:51.941" endtime="20200313 10:40:51.943"></status>
</kw>
<kw name="Split String" library="String">
<doc>Splits the ``string`` using ``separator`` as a delimiter string.</doc>
<arguments>
<arg>${action}</arg>
<arg>:</arg>
</arguments>
<assign>
<var>@{action}</var>
</assign>
<msg timestamp="20200313 10:40:51.943" level="INFO">@{action} = [ Unselect Checkbox ]</msg>
<status status="PASS" starttime="20200313 10:40:51.943" endtime="20200313 10:40:51.943"></status>
</kw>
<kw name="Insert Into List" library="Collections">
<doc>Inserts ``value`` into ``list`` to the position specified with ``index``.</doc>
<arguments>
<arg>${action}</arg>
<arg>1</arg>
<arg>${dom}</arg>
</arguments>
<status status="PASS" starttime="20200313 10:40:51.944" endtime="20200313 10:40:51.944"></status>
</kw>
<kw name="Run Keyword" library="BuiltIn">
<doc>Executes the given keyword with the given arguments.</doc>
<arguments>
<arg>@{action}</arg>
</arguments>
<kw name="Unselect Checkbox" library="SeleniumLibrary">
<doc>Removes the selection of checkbox identified by ``locator``.</doc>
<arguments>
<arg>//*[contains(text(),'Height')]/ancestor::tr/td[2]//input[@type\='checkbox']</arg>
</arguments>
<msg timestamp="20200313 10:40:51.945" level="INFO">Unselecting checkbox '//*[contains(text(),'Height')]/ancestor::tr/td[2]//input[@type='checkbox']'.</msg>
<kw name="Custom screenshot" library="dom_var">
<kw name="Increment Running Screenshot" library="setup">
<assign>
<var>${index}</var>
</assign>
<kw name="Set Global Variable" library="BuiltIn">
<doc>Makes a variable available globally in all tests and suites.</doc>
<arguments>
<arg>${Screenshot Index}</arg>
<arg>${Screenshot Index+1}</arg>
</arguments>
<msg timestamp="20200313 10:40:51.969" level="FAIL">Resolving variable '${Screenshot Index+1}' failed: Variable '${Screenshot Index}' not found.</msg>
<status status="FAIL" starttime="20200313 10:40:51.945" endtime="20200313 10:40:51.969"></status>
</kw>
<msg timestamp="20200313 10:40:51.981" level="INFO">${index} = None</msg>
<msg timestamp="20200313 10:40:51.981" level="FAIL">Replacing variables from keyword return value failed: Variable '${Screenshot Index}' not found.</msg>
<status status="FAIL" starttime="20200313 10:40:51.945" endtime="20200313 10:40:51.981"></status>
</kw>
<kw name="Run Keyword If" library="BuiltIn">
<doc>Runs the given keyword with the given arguments, if ``condition`` is true.</doc>
<arguments>
<arg>${RF HUG}</arg>
<arg>Run Keyword And Ignore Error</arg>
<arg>Capture Page Screenshot</arg>
<arg>screenshots/selenium-screenshot-${UUID}-${index.__str__()}.png</arg>
<arg>ELSE</arg>
<arg>Run Keyword And Ignore Error</arg>
<arg>Capture Page Screenshot</arg>
<arg>selenium-screenshot-${index.__str__()}.png</arg>
</arguments>
<assign>
<var>${passes}</var>
<var>${screenshot}</var>
</assign>
<kw name="Run Keyword And Ignore Error" library="BuiltIn">
<doc>Runs the given keyword with the given arguments and ignores possible error.</doc>
<arguments>
<arg>Capture Page Screenshot</arg>
<arg>selenium-screenshot-${index.__str__()}.png</arg>
</arguments>
<kw name="Capture Page Screenshot" library="SeleniumLibrary">
<doc>Takes a screenshot of the current page and embeds it into a log file.</doc>
<arguments>
<arg>selenium-screenshot-${index.__str__()}.png</arg>
</arguments>
<msg timestamp="20200313 10:40:51.983" level="INFO">Cannot capture screenshot because no browser is open.</msg>
<status status="PASS" starttime="20200313 10:40:51.983" endtime="20200313 10:40:51.983"></status>
</kw>
<status status="PASS" starttime="20200313 10:40:51.982" endtime="20200313 10:40:51.983"></status>
</kw>
<msg timestamp="20200313 10:40:51.983" level="INFO">${passes} = PASS</msg>
<msg timestamp="20200313 10:40:51.983" level="INFO">${screenshot} = None</msg>
<status status="PASS" starttime="20200313 10:40:51.982" endtime="20200313 10:40:51.983"></status>
</kw>
<kw name="Run Keyword If" library="BuiltIn">
<doc>Runs the given keyword with the given arguments, if ``condition`` is true.</doc>
<arguments>
<arg>'${passes}'=='PASS' and ${index}%20==0</arg>
<arg>Log To Console</arg>
<arg>${screenshot}</arg>
</arguments>
<msg timestamp="20200313 10:40:51.984" level="FAIL">Evaluating expression ''PASS'=='PASS' and None%20==0' failed: TypeError: unsupported operand type(s) for %: 'NoneType' and 'int'</msg>
<status status="FAIL" starttime="20200313 10:40:51.984" endtime="20200313 10:40:51.984"></status>
</kw>
<status status="FAIL" starttime="20200313 10:40:51.945" endtime="20200313 10:40:51.984"></status>
</kw>
<msg timestamp="20200313 10:40:51.984" level="WARN">Keyword 'Custom screenshot' could not be run on failure: Several failures occurred:

1) Replacing variables from keyword return value failed: Variable '${Screenshot Index}' not found.

2) Evaluating expression ''PASS'=='PASS' and None%20==0' failed: TypeError: unsupported operand type(s) for %: 'NoneType' and 'int'</msg>
<msg timestamp="20200313 10:40:51.985" level="FAIL">No browser is open.</msg>
<status status="FAIL" starttime="20200313 10:40:51.944" endtime="20200313 10:40:51.985"></status>
</kw>
<status status="FAIL" starttime="20200313 10:40:51.944" endtime="20200313 10:40:51.985"></status>
</kw>
<status status="FAIL" starttime="20200313 10:40:51.896" endtime="20200313 10:40:51.985"></status>
</kw>
<kw name="Click Button" library="SeleniumLibrary">
<doc>Clicks the button identified by ``locator``.</doc>
<arguments>
<arg>commit</arg>
</arguments>
<msg timestamp="20200313 10:40:51.986" level="INFO">Clicking button 'commit'.</msg>
<kw name="Custom screenshot" library="dom_var">
<kw name="Increment Running Screenshot" library="setup">
<assign>
<var>${index}</var>
</assign>
<kw name="Set Global Variable" library="BuiltIn">
<doc>Makes a variable available globally in all tests and suites.</doc>
<arguments>
<arg>${Screenshot Index}</arg>
<arg>${Screenshot Index+1}</arg>
</arguments>
<msg timestamp="20200313 10:40:52.012" level="FAIL">Resolving variable '${Screenshot Index+1}' failed: Variable '${Screenshot Index}' not found.</msg>
<status status="FAIL" starttime="20200313 10:40:51.987" endtime="20200313 10:40:52.012"></status>
</kw>
<msg timestamp="20200313 10:40:52.024" level="INFO">${index} = None</msg>
<msg timestamp="20200313 10:40:52.024" level="FAIL">Replacing variables from keyword return value failed: Variable '${Screenshot Index}' not found.</msg>
<status status="FAIL" starttime="20200313 10:40:51.986" endtime="20200313 10:40:52.024"></status>
</kw>
<kw name="Run Keyword If" library="BuiltIn">
<doc>Runs the given keyword with the given arguments, if ``condition`` is true.</doc>
<arguments>
<arg>${RF HUG}</arg>
<arg>Run Keyword And Ignore Error</arg>
<arg>Capture Page Screenshot</arg>
<arg>screenshots/selenium-screenshot-${UUID}-${index.__str__()}.png</arg>
<arg>ELSE</arg>
<arg>Run Keyword And Ignore Error</arg>
<arg>Capture Page Screenshot</arg>
<arg>selenium-screenshot-${index.__str__()}.png</arg>
</arguments>
<assign>
<var>${passes}</var>
<var>${screenshot}</var>
</assign>
<kw name="Run Keyword And Ignore Error" library="BuiltIn">
<doc>Runs the given keyword with the given arguments and ignores possible error.</doc>
<arguments>
<arg>Capture Page Screenshot</arg>
<arg>selenium-screenshot-${index.__str__()}.png</arg>
</arguments>
<kw name="Capture Page Screenshot" library="SeleniumLibrary">
<doc>Takes a screenshot of the current page and embeds it into a log file.</doc>
<arguments>
<arg>selenium-screenshot-${index.__str__()}.png</arg>
</arguments>
<msg timestamp="20200313 10:40:52.025" level="INFO">Cannot capture screenshot because no browser is open.</msg>
<status status="PASS" starttime="20200313 10:40:52.025" endtime="20200313 10:40:52.025"></status>
</kw>
<status status="PASS" starttime="20200313 10:40:52.025" endtime="20200313 10:40:52.025"></status>
</kw>
<msg timestamp="20200313 10:40:52.025" level="INFO">${passes} = PASS</msg>
<msg timestamp="20200313 10:40:52.026" level="INFO">${screenshot} = None</msg>
<status status="PASS" starttime="20200313 10:40:52.024" endtime="20200313 10:40:52.026"></status>
</kw>
<kw name="Run Keyword If" library="BuiltIn">
<doc>Runs the given keyword with the given arguments, if ``condition`` is true.</doc>
<arguments>
<arg>'${passes}'=='PASS' and ${index}%20==0</arg>
<arg>Log To Console</arg>
<arg>${screenshot}</arg>
</arguments>
<msg timestamp="20200313 10:40:52.026" level="FAIL">Evaluating expression ''PASS'=='PASS' and None%20==0' failed: TypeError: unsupported operand type(s) for %: 'NoneType' and 'int'</msg>
<status status="FAIL" starttime="20200313 10:40:52.026" endtime="20200313 10:40:52.026"></status>
</kw>
<status status="FAIL" starttime="20200313 10:40:51.986" endtime="20200313 10:40:52.026"></status>
</kw>
<msg timestamp="20200313 10:40:52.026" level="WARN">Keyword 'Custom screenshot' could not be run on failure: Several failures occurred:

1) Replacing variables from keyword return value failed: Variable '${Screenshot Index}' not found.

2) Evaluating expression ''PASS'=='PASS' and None%20==0' failed: TypeError: unsupported operand type(s) for %: 'NoneType' and 'int'</msg>
<msg timestamp="20200313 10:40:52.027" level="FAIL">No browser is open.</msg>
<status status="FAIL" starttime="20200313 10:40:51.986" endtime="20200313 10:40:52.027"></status>
</kw>
<kw name="Ajax wait" library="suite">
<kw name="Set Variable" library="BuiltIn">
<doc>Returns the given values which can then be assigned to a variables.</doc>
<arguments>
<arg>${EMPTY}</arg>
</arguments>
<assign>
<var>${ajax}</var>
</assign>
<msg timestamp="20200313 10:40:52.028" level="INFO">${ajax} = </msg>
<status status="PASS" starttime="20200313 10:40:52.028" endtime="20200313 10:40:52.028"></status>
</kw>
<kw name="${i} IN RANGE [ 5000 ]" type="for">
<kw name="${i} = 0" type="foritem">
<kw name="Execute Javascript" library="SeleniumLibrary">
<doc>Executes the given JavaScript code with possible arguments.</doc>
<arguments>
<arg>return window.jQuery!=undefined &amp;&amp; jQuery.active==0</arg>
</arguments>
<assign>
<var>${ajax}</var>
</assign>
<msg timestamp="20200313 10:40:52.029" level="INFO">Executing JavaScript:
return window.jQuery!=undefined &amp;&amp; jQuery.active==0
Without any arguments.</msg>
<kw name="Custom screenshot" library="dom_var">
<kw name="Increment Running Screenshot" library="setup">
<assign>
<var>${index}</var>
</assign>
<kw name="Set Global Variable" library="BuiltIn">
<doc>Makes a variable available globally in all tests and suites.</doc>
<arguments>
<arg>${Screenshot Index}</arg>
<arg>${Screenshot Index+1}</arg>
</arguments>
<msg timestamp="20200313 10:40:52.053" level="FAIL">Resolving variable '${Screenshot Index+1}' failed: Variable '${Screenshot Index}' not found.</msg>
<status status="FAIL" starttime="20200313 10:40:52.030" endtime="20200313 10:40:52.053"></status>
</kw>
<msg timestamp="20200313 10:40:52.065" level="INFO">${index} = None</msg>
<msg timestamp="20200313 10:40:52.065" level="FAIL">Replacing variables from keyword return value failed: Variable '${Screenshot Index}' not found.</msg>
<status status="FAIL" starttime="20200313 10:40:52.030" endtime="20200313 10:40:52.065"></status>
</kw>
<kw name="Run Keyword If" library="BuiltIn">
<doc>Runs the given keyword with the given arguments, if ``condition`` is true.</doc>
<arguments>
<arg>${RF HUG}</arg>
<arg>Run Keyword And Ignore Error</arg>
<arg>Capture Page Screenshot</arg>
<arg>screenshots/selenium-screenshot-${UUID}-${index.__str__()}.png</arg>
<arg>ELSE</arg>
<arg>Run Keyword And Ignore Error</arg>
<arg>Capture Page Screenshot</arg>
<arg>selenium-screenshot-${index.__str__()}.png</arg>
</arguments>
<assign>
<var>${passes}</var>
<var>${screenshot}</var>
</assign>
<kw name="Run Keyword And Ignore Error" library="BuiltIn">
<doc>Runs the given keyword with the given arguments and ignores possible error.</doc>
<arguments>
<arg>Capture Page Screenshot</arg>
<arg>selenium-screenshot-${index.__str__()}.png</arg>
</arguments>
<kw name="Capture Page Screenshot" library="SeleniumLibrary">
<doc>Takes a screenshot of the current page and embeds it into a log file.</doc>
<arguments>
<arg>selenium-screenshot-${index.__str__()}.png</arg>
</arguments>
<msg timestamp="20200313 10:40:52.067" level="INFO">Cannot capture screenshot because no browser is open.</msg>
<status status="PASS" starttime="20200313 10:40:52.066" endtime="20200313 10:40:52.067"></status>
</kw>
<status status="PASS" starttime="20200313 10:40:52.066" endtime="20200313 10:40:52.067"></status>
</kw>
<msg timestamp="20200313 10:40:52.067" level="INFO">${passes} = PASS</msg>
<msg timestamp="20200313 10:40:52.067" level="INFO">${screenshot} = None</msg>
<status status="PASS" starttime="20200313 10:40:52.065" endtime="20200313 10:40:52.067"></status>
</kw>
<kw name="Run Keyword If" library="BuiltIn">
<doc>Runs the given keyword with the given arguments, if ``condition`` is true.</doc>
<arguments>
<arg>'${passes}'=='PASS' and ${index}%20==0</arg>
<arg>Log To Console</arg>
<arg>${screenshot}</arg>
</arguments>
<msg timestamp="20200313 10:40:52.068" level="FAIL">Evaluating expression ''PASS'=='PASS' and None%20==0' failed: TypeError: unsupported operand type(s) for %: 'NoneType' and 'int'</msg>
<status status="FAIL" starttime="20200313 10:40:52.067" endtime="20200313 10:40:52.068"></status>
</kw>
<status status="FAIL" starttime="20200313 10:40:52.030" endtime="20200313 10:40:52.068"></status>
</kw>
<msg timestamp="20200313 10:40:52.068" level="WARN">Keyword 'Custom screenshot' could not be run on failure: Several failures occurred:

1) Replacing variables from keyword return value failed: Variable '${Screenshot Index}' not found.

2) Evaluating expression ''PASS'=='PASS' and None%20==0' failed: TypeError: unsupported operand type(s) for %: 'NoneType' and 'int'</msg>
<msg timestamp="20200313 10:40:52.071" level="INFO">${ajax} = None</msg>
<msg timestamp="20200313 10:40:52.071" level="FAIL">No browser is open.</msg>
<status status="FAIL" starttime="20200313 10:40:52.028" endtime="20200313 10:40:52.071"></status>
</kw>
<kw name="Run Keyword If" library="BuiltIn">
<doc>Runs the given keyword with the given arguments, if ``condition`` is true.</doc>
<arguments>
<arg>${ajax}==True or '${ajax}'=='None'</arg>
<arg>Exit For Loop</arg>
</arguments>
<kw name="Exit For Loop" library="BuiltIn">
<doc>Stops executing the enclosing for loop.</doc>
<msg timestamp="20200313 10:40:52.072" level="INFO">Exiting for loop altogether.</msg>
<status status="PASS" starttime="20200313 10:40:52.072" endtime="20200313 10:40:52.072"></status>
</kw>
<status status="PASS" starttime="20200313 10:40:52.071" endtime="20200313 10:40:52.072"></status>
</kw>
<status status="FAIL" starttime="20200313 10:40:52.028" endtime="20200313 10:40:52.073"></status>
</kw>
<status status="FAIL" starttime="20200313 10:40:52.028" endtime="20200313 10:40:52.073"></status>
</kw>
<status status="FAIL" starttime="20200313 10:40:52.027" endtime="20200313 10:40:52.073"></status>
</kw>
<kw name="Remove this patient" library="creation">
<arguments>
<arg>Coughind Forlot Japnes</arg>
</arguments>
<kw name="Return to mainpage" library="suite">
<kw name="Go To" library="SeleniumLibrary">
<doc>Navigates the current browser window to the provided ``url``.</doc>
<arguments>
<arg>${BASE URL}</arg>
</arguments>
<msg timestamp="20200313 10:40:52.074" level="INFO">Opening url 'https://rel-test02.kipuworks.com'</msg>
<kw name="Custom screenshot" library="dom_var">
<kw name="Increment Running Screenshot" library="setup">
<assign>
<var>${index}</var>
</assign>
<kw name="Set Global Variable" library="BuiltIn">
<doc>Makes a variable available globally in all tests and suites.</doc>
<arguments>
<arg>${Screenshot Index}</arg>
<arg>${Screenshot Index+1}</arg>
</arguments>
<msg timestamp="20200313 10:40:52.097" level="FAIL">Resolving variable '${Screenshot Index+1}' failed: Variable '${Screenshot Index}' not found.</msg>
<status status="FAIL" starttime="20200313 10:40:52.075" endtime="20200313 10:40:52.097"></status>
</kw>
<msg timestamp="20200313 10:40:52.108" level="INFO">${index} = None</msg>
<msg timestamp="20200313 10:40:52.108" level="FAIL">Replacing variables from keyword return value failed: Variable '${Screenshot Index}' not found.</msg>
<status status="FAIL" starttime="20200313 10:40:52.075" endtime="20200313 10:40:52.108"></status>
</kw>
<kw name="Run Keyword If" library="BuiltIn">
<doc>Runs the given keyword with the given arguments, if ``condition`` is true.</doc>
<arguments>
<arg>${RF HUG}</arg>
<arg>Run Keyword And Ignore Error</arg>
<arg>Capture Page Screenshot</arg>
<arg>screenshots/selenium-screenshot-${UUID}-${index.__str__()}.png</arg>
<arg>ELSE</arg>
<arg>Run Keyword And Ignore Error</arg>
<arg>Capture Page Screenshot</arg>
<arg>selenium-screenshot-${index.__str__()}.png</arg>
</arguments>
<assign>
<var>${passes}</var>
<var>${screenshot}</var>
</assign>
<kw name="Run Keyword And Ignore Error" library="BuiltIn">
<doc>Runs the given keyword with the given arguments and ignores possible error.</doc>
<arguments>
<arg>Capture Page Screenshot</arg>
<arg>selenium-screenshot-${index.__str__()}.png</arg>
</arguments>
<kw name="Capture Page Screenshot" library="SeleniumLibrary">
<doc>Takes a screenshot of the current page and embeds it into a log file.</doc>
<arguments>
<arg>selenium-screenshot-${index.__str__()}.png</arg>
</arguments>
<msg timestamp="20200313 10:40:52.109" level="INFO">Cannot capture screenshot because no browser is open.</msg>
<status status="PASS" starttime="20200313 10:40:52.109" endtime="20200313 10:40:52.109"></status>
</kw>
<status status="PASS" starttime="20200313 10:40:52.109" endtime="20200313 10:40:52.109"></status>
</kw>
<msg timestamp="20200313 10:40:52.109" level="INFO">${passes} = PASS</msg>
<msg timestamp="20200313 10:40:52.109" level="INFO">${screenshot} = None</msg>
<status status="PASS" starttime="20200313 10:40:52.108" endtime="20200313 10:40:52.109"></status>
</kw>
<kw name="Run Keyword If" library="BuiltIn">
<doc>Runs the given keyword with the given arguments, if ``condition`` is true.</doc>
<arguments>
<arg>'${passes}'=='PASS' and ${index}%20==0</arg>
<arg>Log To Console</arg>
<arg>${screenshot}</arg>
</arguments>
<msg timestamp="20200313 10:40:52.110" level="FAIL">Evaluating expression ''PASS'=='PASS' and None%20==0' failed: TypeError: unsupported operand type(s) for %: 'NoneType' and 'int'</msg>
<status status="FAIL" starttime="20200313 10:40:52.110" endtime="20200313 10:40:52.110"></status>
</kw>
<status status="FAIL" starttime="20200313 10:40:52.074" endtime="20200313 10:40:52.110"></status>
</kw>
<msg timestamp="20200313 10:40:52.110" level="WARN">Keyword 'Custom screenshot' could not be run on failure: Several failures occurred:

1) Replacing variables from keyword return value failed: Variable '${Screenshot Index}' not found.

2) Evaluating expression ''PASS'=='PASS' and None%20==0' failed: TypeError: unsupported operand type(s) for %: 'NoneType' and 'int'</msg>
<msg timestamp="20200313 10:40:52.111" level="FAIL">No browser is open.</msg>
<status status="FAIL" starttime="20200313 10:40:52.074" endtime="20200313 10:40:52.111"></status>
</kw>
<kw name="Figure out what view style I am in" library="setup">
<kw name="Run Keyword And Return Status" library="BuiltIn">
<doc>Runs the given keyword with given arguments and returns the status as a Boolean value.</doc>
<arguments>
<arg>Page Should Contain Element</arg>
<arg>//div[@class='pbottom40']/table</arg>
</arguments>
<assign>
<var>${passes}</var>
</assign>
<kw name="Page Should Contain Element" library="SeleniumLibrary">
<doc>Verifies that element ``locator`` is found on the current page.</doc>
<arguments>
<arg>//div[@class='pbottom40']/table</arg>
</arguments>
<kw name="Custom screenshot" library="dom_var">
<kw name="Increment Running Screenshot" library="setup">
<assign>
<var>${index}</var>
</assign>
<kw name="Set Global Variable" library="BuiltIn">
<doc>Makes a variable available globally in all tests and suites.</doc>
<arguments>
<arg>${Screenshot Index}</arg>
<arg>${Screenshot Index+1}</arg>
</arguments>
<msg timestamp="20200313 10:40:52.135" level="FAIL">Resolving variable '${Screenshot Index+1}' failed: Variable '${Screenshot Index}' not found.</msg>
<status status="FAIL" starttime="20200313 10:40:52.113" endtime="20200313 10:40:52.135"></status>
</kw>
<msg timestamp="20200313 10:40:52.146" level="INFO">${index} = None</msg>
<msg timestamp="20200313 10:40:52.146" level="FAIL">Replacing variables from keyword return value failed: Variable '${Screenshot Index}' not found.</msg>
<status status="FAIL" starttime="20200313 10:40:52.112" endtime="20200313 10:40:52.146"></status>
</kw>
<kw name="Run Keyword If" library="BuiltIn">
<doc>Runs the given keyword with the given arguments, if ``condition`` is true.</doc>
<arguments>
<arg>${RF HUG}</arg>
<arg>Run Keyword And Ignore Error</arg>
<arg>Capture Page Screenshot</arg>
<arg>screenshots/selenium-screenshot-${UUID}-${index.__str__()}.png</arg>
<arg>ELSE</arg>
<arg>Run Keyword And Ignore Error</arg>
<arg>Capture Page Screenshot</arg>
<arg>selenium-screenshot-${index.__str__()}.png</arg>
</arguments>
<assign>
<var>${passes}</var>
<var>${screenshot}</var>
</assign>
<kw name="Run Keyword And Ignore Error" library="BuiltIn">
<doc>Runs the given keyword with the given arguments and ignores possible error.</doc>
<arguments>
<arg>Capture Page Screenshot</arg>
<arg>selenium-screenshot-${index.__str__()}.png</arg>
</arguments>
<kw name="Capture Page Screenshot" library="SeleniumLibrary">
<doc>Takes a screenshot of the current page and embeds it into a log file.</doc>
<arguments>
<arg>selenium-screenshot-${index.__str__()}.png</arg>
</arguments>
<msg timestamp="20200313 10:40:52.147" level="INFO">Cannot capture screenshot because no browser is open.</msg>
<status status="PASS" starttime="20200313 10:40:52.147" endtime="20200313 10:40:52.147"></status>
</kw>
<status status="PASS" starttime="20200313 10:40:52.147" endtime="20200313 10:40:52.147"></status>
</kw>
<msg timestamp="20200313 10:40:52.148" level="INFO">${passes} = PASS</msg>
<msg timestamp="20200313 10:40:52.148" level="INFO">${screenshot} = None</msg>
<status status="PASS" starttime="20200313 10:40:52.146" endtime="20200313 10:40:52.148"></status>
</kw>
<kw name="Run Keyword If" library="BuiltIn">
<doc>Runs the given keyword with the given arguments, if ``condition`` is true.</doc>
<arguments>
<arg>'${passes}'=='PASS' and ${index}%20==0</arg>
<arg>Log To Console</arg>
<arg>${screenshot}</arg>
</arguments>
<msg timestamp="20200313 10:40:52.148" level="FAIL">Evaluating expression ''PASS'=='PASS' and None%20==0' failed: TypeError: unsupported operand type(s) for %: 'NoneType' and 'int'</msg>
<status status="FAIL" starttime="20200313 10:40:52.148" endtime="20200313 10:40:52.148"></status>
</kw>
<status status="FAIL" starttime="20200313 10:40:52.112" endtime="20200313 10:40:52.148"></status>
</kw>
<msg timestamp="20200313 10:40:52.149" level="WARN">Keyword 'Custom screenshot' could not be run on failure: Several failures occurred:

1) Replacing variables from keyword return value failed: Variable '${Screenshot Index}' not found.

2) Evaluating expression ''PASS'=='PASS' and None%20==0' failed: TypeError: unsupported operand type(s) for %: 'NoneType' and 'int'</msg>
<msg timestamp="20200313 10:40:52.151" level="FAIL">No browser is open.</msg>
<status status="FAIL" starttime="20200313 10:40:52.112" endtime="20200313 10:40:52.151"></status>
</kw>
<msg timestamp="20200313 10:40:52.151" level="INFO">${passes} = False</msg>
<status status="PASS" starttime="20200313 10:40:52.111" endtime="20200313 10:40:52.152"></status>
</kw>
<kw name="Run Keyword If" library="BuiltIn">
<doc>Runs the given keyword with the given arguments, if ``condition`` is true.</doc>
<arguments>
<arg>${passes}</arg>
<arg>Set Global Variable</arg>
<arg>${View Style}</arg>
<arg>list</arg>
<arg>ELSE</arg>
<arg>Set Global Variable</arg>
<arg>${View Style}</arg>
<arg>tile</arg>
</arguments>
<kw name="Set Global Variable" library="BuiltIn">
<doc>Makes a variable available globally in all tests and suites.</doc>
<arguments>
<arg>${View Style}</arg>
<arg>tile</arg>
</arguments>
<msg timestamp="20200313 10:40:52.164" level="INFO">${View Style} = tile</msg>
<status status="PASS" starttime="20200313 10:40:52.152" endtime="20200313 10:40:52.164"></status>
</kw>
<status status="PASS" starttime="20200313 10:40:52.152" endtime="20200313 10:40:52.164"></status>
</kw>
<status status="PASS" starttime="20200313 10:40:52.111" endtime="20200313 10:40:52.164"></status>
</kw>
<kw name="I am on the &quot;patients&quot; page" library="dom_var">
<kw name="Verify for no bad page" library="dom_var">
<kw name="Run Keyword And Return Status" library="BuiltIn">
<doc>Runs the given keyword with given arguments and returns the status as a Boolean value.</doc>
<arguments>
<arg>Page Should Not Contain</arg>
<arg>Routing Error</arg>
</arguments>
<assign>
<var>${passes 1}</var>
</assign>
<kw name="Page Should Not Contain" library="SeleniumLibrary">
<doc>Verifies the current page does not contain ``text``.</doc>
<arguments>
<arg>Routing Error</arg>
</arguments>
<kw name="Custom screenshot" library="dom_var">
<kw name="Increment Running Screenshot" library="setup">
<assign>
<var>${index}</var>
</assign>
<kw name="Set Global Variable" library="BuiltIn">
<doc>Makes a variable available globally in all tests and suites.</doc>
<arguments>
<arg>${Screenshot Index}</arg>
<arg>${Screenshot Index+1}</arg>
</arguments>
<msg timestamp="20200313 10:40:52.206" level="FAIL">Resolving variable '${Screenshot Index+1}' failed: Variable '${Screenshot Index}' not found.</msg>
<status status="FAIL" starttime="20200313 10:40:52.166" endtime="20200313 10:40:52.206"></status>
</kw>
<msg timestamp="20200313 10:40:52.217" level="INFO">${index} = None</msg>
<msg timestamp="20200313 10:40:52.217" level="FAIL">Replacing variables from keyword return value failed: Variable '${Screenshot Index}' not found.</msg>
<status status="FAIL" starttime="20200313 10:40:52.166" endtime="20200313 10:40:52.217"></status>
</kw>
<kw name="Run Keyword If" library="BuiltIn">
<doc>Runs the given keyword with the given arguments, if ``condition`` is true.</doc>
<arguments>
<arg>${RF HUG}</arg>
<arg>Run Keyword And Ignore Error</arg>
<arg>Capture Page Screenshot</arg>
<arg>screenshots/selenium-screenshot-${UUID}-${index.__str__()}.png</arg>
<arg>ELSE</arg>
<arg>Run Keyword And Ignore Error</arg>
<arg>Capture Page Screenshot</arg>
<arg>selenium-screenshot-${index.__str__()}.png</arg>
</arguments>
<assign>
<var>${passes}</var>
<var>${screenshot}</var>
</assign>
<kw name="Run Keyword And Ignore Error" library="BuiltIn">
<doc>Runs the given keyword with the given arguments and ignores possible error.</doc>
<arguments>
<arg>Capture Page Screenshot</arg>
<arg>selenium-screenshot-${index.__str__()}.png</arg>
</arguments>
<kw name="Capture Page Screenshot" library="SeleniumLibrary">
<doc>Takes a screenshot of the current page and embeds it into a log file.</doc>
<arguments>
<arg>selenium-screenshot-${index.__str__()}.png</arg>
</arguments>
<msg timestamp="20200313 10:40:52.219" level="INFO">Cannot capture screenshot because no browser is open.</msg>
<status status="PASS" starttime="20200313 10:40:52.218" endtime="20200313 10:40:52.219"></status>
</kw>
<status status="PASS" starttime="20200313 10:40:52.218" endtime="20200313 10:40:52.219"></status>
</kw>
<msg timestamp="20200313 10:40:52.219" level="INFO">${passes} = PASS</msg>
<msg timestamp="20200313 10:40:52.219" level="INFO">${screenshot} = None</msg>
<status status="PASS" starttime="20200313 10:40:52.218" endtime="20200313 10:40:52.219"></status>
</kw>
<kw name="Run Keyword If" library="BuiltIn">
<doc>Runs the given keyword with the given arguments, if ``condition`` is true.</doc>
<arguments>
<arg>'${passes}'=='PASS' and ${index}%20==0</arg>
<arg>Log To Console</arg>
<arg>${screenshot}</arg>
</arguments>
<msg timestamp="20200313 10:40:52.220" level="FAIL">Evaluating expression ''PASS'=='PASS' and None%20==0' failed: TypeError: unsupported operand type(s) for %: 'NoneType' and 'int'</msg>
<status status="FAIL" starttime="20200313 10:40:52.219" endtime="20200313 10:40:52.220"></status>
</kw>
<status status="FAIL" starttime="20200313 10:40:52.165" endtime="20200313 10:40:52.220"></status>
</kw>
<msg timestamp="20200313 10:40:52.220" level="WARN">Keyword 'Custom screenshot' could not be run on failure: Several failures occurred:

1) Replacing variables from keyword return value failed: Variable '${Screenshot Index}' not found.

2) Evaluating expression ''PASS'=='PASS' and None%20==0' failed: TypeError: unsupported operand type(s) for %: 'NoneType' and 'int'</msg>
<msg timestamp="20200313 10:40:52.220" level="FAIL">No browser is open.</msg>
<status status="FAIL" starttime="20200313 10:40:52.165" endtime="20200313 10:40:52.220"></status>
</kw>
<msg timestamp="20200313 10:40:52.220" level="INFO">${passes 1} = False</msg>
<status status="PASS" starttime="20200313 10:40:52.165" endtime="20200313 10:40:52.220"></status>
</kw>
<kw name="Run Keyword And Return Status" library="BuiltIn">
<doc>Runs the given keyword with given arguments and returns the status as a Boolean value.</doc>
<arguments>
<arg>Page Should Not Contain</arg>
<arg>Toggle session dump</arg>
</arguments>
<assign>
<var>${passes 2}</var>
</assign>
<kw name="Page Should Not Contain" library="SeleniumLibrary">
<doc>Verifies the current page does not contain ``text``.</doc>
<arguments>
<arg>Toggle session dump</arg>
</arguments>
<kw name="Custom screenshot" library="dom_var">
<kw name="Increment Running Screenshot" library="setup">
<assign>
<var>${index}</var>
</assign>
<kw name="Set Global Variable" library="BuiltIn">
<doc>Makes a variable available globally in all tests and suites.</doc>
<arguments>
<arg>${Screenshot Index}</arg>
<arg>${Screenshot Index+1}</arg>
</arguments>
<msg timestamp="20200313 10:40:52.244" level="FAIL">Resolving variable '${Screenshot Index+1}' failed: Variable '${Screenshot Index}' not found.</msg>
<status status="FAIL" starttime="20200313 10:40:52.222" endtime="20200313 10:40:52.244"></status>
</kw>
<msg timestamp="20200313 10:40:52.255" level="INFO">${index} = None</msg>
<msg timestamp="20200313 10:40:52.255" level="FAIL">Replacing variables from keyword return value failed: Variable '${Screenshot Index}' not found.</msg>
<status status="FAIL" starttime="20200313 10:40:52.221" endtime="20200313 10:40:52.255"></status>
</kw>
<kw name="Run Keyword If" library="BuiltIn">
<doc>Runs the given keyword with the given arguments, if ``condition`` is true.</doc>
<arguments>
<arg>${RF HUG}</arg>
<arg>Run Keyword And Ignore Error</arg>
<arg>Capture Page Screenshot</arg>
<arg>screenshots/selenium-screenshot-${UUID}-${index.__str__()}.png</arg>
<arg>ELSE</arg>
<arg>Run Keyword And Ignore Error</arg>
<arg>Capture Page Screenshot</arg>
<arg>selenium-screenshot-${index.__str__()}.png</arg>
</arguments>
<assign>
<var>${passes}</var>
<var>${screenshot}</var>
</assign>
<kw name="Run Keyword And Ignore Error" library="BuiltIn">
<doc>Runs the given keyword with the given arguments and ignores possible error.</doc>
<arguments>
<arg>Capture Page Screenshot</arg>
<arg>selenium-screenshot-${index.__str__()}.png</arg>
</arguments>
<kw name="Capture Page Screenshot" library="SeleniumLibrary">
<doc>Takes a screenshot of the current page and embeds it into a log file.</doc>
<arguments>
<arg>selenium-screenshot-${index.__str__()}.png</arg>
</arguments>
<msg timestamp="20200313 10:40:52.256" level="INFO">Cannot capture screenshot because no browser is open.</msg>
<status status="PASS" starttime="20200313 10:40:52.256" endtime="20200313 10:40:52.256"></status>
</kw>
<status status="PASS" starttime="20200313 10:40:52.256" endtime="20200313 10:40:52.256"></status>
</kw>
<msg timestamp="20200313 10:40:52.256" level="INFO">${passes} = PASS</msg>
<msg timestamp="20200313 10:40:52.256" level="INFO">${screenshot} = None</msg>
<status status="PASS" starttime="20200313 10:40:52.255" endtime="20200313 10:40:52.256"></status>
</kw>
<kw name="Run Keyword If" library="BuiltIn">
<doc>Runs the given keyword with the given arguments, if ``condition`` is true.</doc>
<arguments>
<arg>'${passes}'=='PASS' and ${index}%20==0</arg>
<arg>Log To Console</arg>
<arg>${screenshot}</arg>
</arguments>
<msg timestamp="20200313 10:40:52.257" level="FAIL">Evaluating expression ''PASS'=='PASS' and None%20==0' failed: TypeError: unsupported operand type(s) for %: 'NoneType' and 'int'</msg>
<status status="FAIL" starttime="20200313 10:40:52.257" endtime="20200313 10:40:52.257"></status>
</kw>
<status status="FAIL" starttime="20200313 10:40:52.221" endtime="20200313 10:40:52.257"></status>
</kw>
<msg timestamp="20200313 10:40:52.257" level="WARN">Keyword 'Custom screenshot' could not be run on failure: Several failures occurred:

1) Replacing variables from keyword return value failed: Variable '${Screenshot Index}' not found.

2) Evaluating expression ''PASS'=='PASS' and None%20==0' failed: TypeError: unsupported operand type(s) for %: 'NoneType' and 'int'</msg>
<msg timestamp="20200313 10:40:52.258" level="FAIL">No browser is open.</msg>
<status status="FAIL" starttime="20200313 10:40:52.221" endtime="20200313 10:40:52.258"></status>
</kw>
<msg timestamp="20200313 10:40:52.258" level="INFO">${passes 2} = False</msg>
<status status="PASS" starttime="20200313 10:40:52.221" endtime="20200313 10:40:52.258"></status>
</kw>
<kw name="Run Keyword And Return Status" library="BuiltIn">
<doc>Runs the given keyword with given arguments and returns the status as a Boolean value.</doc>
<arguments>
<arg>Page Should Not Contain</arg>
<arg>Kipu Records:</arg>
</arguments>
<assign>
<var>${passes 3}</var>
</assign>
<kw name="Page Should Not Contain" library="SeleniumLibrary">
<doc>Verifies the current page does not contain ``text``.</doc>
<arguments>
<arg>Kipu Records:</arg>
</arguments>
<kw name="Custom screenshot" library="dom_var">
<kw name="Increment Running Screenshot" library="setup">
<assign>
<var>${index}</var>
</assign>
<kw name="Set Global Variable" library="BuiltIn">
<doc>Makes a variable available globally in all tests and suites.</doc>
<arguments>
<arg>${Screenshot Index}</arg>
<arg>${Screenshot Index+1}</arg>
</arguments>
<msg timestamp="20200313 10:40:52.281" level="FAIL">Resolving variable '${Screenshot Index+1}' failed: Variable '${Screenshot Index}' not found.</msg>
<status status="FAIL" starttime="20200313 10:40:52.259" endtime="20200313 10:40:52.281"></status>
</kw>
<msg timestamp="20200313 10:40:52.292" level="INFO">${index} = None</msg>
<msg timestamp="20200313 10:40:52.292" level="FAIL">Replacing variables from keyword return value failed: Variable '${Screenshot Index}' not found.</msg>
<status status="FAIL" starttime="20200313 10:40:52.259" endtime="20200313 10:40:52.292"></status>
</kw>
<kw name="Run Keyword If" library="BuiltIn">
<doc>Runs the given keyword with the given arguments, if ``condition`` is true.</doc>
<arguments>
<arg>${RF HUG}</arg>
<arg>Run Keyword And Ignore Error</arg>
<arg>Capture Page Screenshot</arg>
<arg>screenshots/selenium-screenshot-${UUID}-${index.__str__()}.png</arg>
<arg>ELSE</arg>
<arg>Run Keyword And Ignore Error</arg>
<arg>Capture Page Screenshot</arg>
<arg>selenium-screenshot-${index.__str__()}.png</arg>
</arguments>
<assign>
<var>${passes}</var>
<var>${screenshot}</var>
</assign>
<kw name="Run Keyword And Ignore Error" library="BuiltIn">
<doc>Runs the given keyword with the given arguments and ignores possible error.</doc>
<arguments>
<arg>Capture Page Screenshot</arg>
<arg>selenium-screenshot-${index.__str__()}.png</arg>
</arguments>
<kw name="Capture Page Screenshot" library="SeleniumLibrary">
<doc>Takes a screenshot of the current page and embeds it into a log file.</doc>
<arguments>
<arg>selenium-screenshot-${index.__str__()}.png</arg>
</arguments>
<msg timestamp="20200313 10:40:52.294" level="INFO">Cannot capture screenshot because no browser is open.</msg>
<status status="PASS" starttime="20200313 10:40:52.293" endtime="20200313 10:40:52.294"></status>
</kw>
<status status="PASS" starttime="20200313 10:40:52.293" endtime="20200313 10:40:52.294"></status>
</kw>
<msg timestamp="20200313 10:40:52.294" level="INFO">${passes} = PASS</msg>
<msg timestamp="20200313 10:40:52.294" level="INFO">${screenshot} = None</msg>
<status status="PASS" starttime="20200313 10:40:52.293" endtime="20200313 10:40:52.294"></status>
</kw>
<kw name="Run Keyword If" library="BuiltIn">
<doc>Runs the given keyword with the given arguments, if ``condition`` is true.</doc>
<arguments>
<arg>'${passes}'=='PASS' and ${index}%20==0</arg>
<arg>Log To Console</arg>
<arg>${screenshot}</arg>
</arguments>
<msg timestamp="20200313 10:40:52.295" level="FAIL">Evaluating expression ''PASS'=='PASS' and None%20==0' failed: TypeError: unsupported operand type(s) for %: 'NoneType' and 'int'</msg>
<status status="FAIL" starttime="20200313 10:40:52.294" endtime="20200313 10:40:52.295"></status>
</kw>
<status status="FAIL" starttime="20200313 10:40:52.259" endtime="20200313 10:40:52.295"></status>
</kw>
<msg timestamp="20200313 10:40:52.295" level="WARN">Keyword 'Custom screenshot' could not be run on failure: Several failures occurred:

1) Replacing variables from keyword return value failed: Variable '${Screenshot Index}' not found.

2) Evaluating expression ''PASS'=='PASS' and None%20==0' failed: TypeError: unsupported operand type(s) for %: 'NoneType' and 'int'</msg>
<msg timestamp="20200313 10:40:52.295" level="FAIL">No browser is open.</msg>
<status status="FAIL" starttime="20200313 10:40:52.258" endtime="20200313 10:40:52.295"></status>
</kw>
<msg timestamp="20200313 10:40:52.296" level="INFO">${passes 3} = False</msg>
<status status="PASS" starttime="20200313 10:40:52.258" endtime="20200313 10:40:52.296"></status>
</kw>
<kw name="Run Keyword And Return Status" library="BuiltIn">
<doc>Runs the given keyword with given arguments and returns the status as a Boolean value.</doc>
<arguments>
<arg>Page Should Not Contain</arg>
<arg>The page you were looking for doesn't exist</arg>
</arguments>
<assign>
<var>${passes 4}</var>
</assign>
<kw name="Page Should Not Contain" library="SeleniumLibrary">
<doc>Verifies the current page does not contain ``text``.</doc>
<arguments>
<arg>The page you were looking for doesn't exist</arg>
</arguments>
<kw name="Custom screenshot" library="dom_var">
<kw name="Increment Running Screenshot" library="setup">
<assign>
<var>${index}</var>
</assign>
<kw name="Set Global Variable" library="BuiltIn">
<doc>Makes a variable available globally in all tests and suites.</doc>
<arguments>
<arg>${Screenshot Index}</arg>
<arg>${Screenshot Index+1}</arg>
</arguments>
<msg timestamp="20200313 10:40:52.319" level="FAIL">Resolving variable '${Screenshot Index+1}' failed: Variable '${Screenshot Index}' not found.</msg>
<status status="FAIL" starttime="20200313 10:40:52.297" endtime="20200313 10:40:52.320"></status>
</kw>
<msg timestamp="20200313 10:40:52.330" level="INFO">${index} = None</msg>
<msg timestamp="20200313 10:40:52.330" level="FAIL">Replacing variables from keyword return value failed: Variable '${Screenshot Index}' not found.</msg>
<status status="FAIL" starttime="20200313 10:40:52.297" endtime="20200313 10:40:52.331"></status>
</kw>
<kw name="Run Keyword If" library="BuiltIn">
<doc>Runs the given keyword with the given arguments, if ``condition`` is true.</doc>
<arguments>
<arg>${RF HUG}</arg>
<arg>Run Keyword And Ignore Error</arg>
<arg>Capture Page Screenshot</arg>
<arg>screenshots/selenium-screenshot-${UUID}-${index.__str__()}.png</arg>
<arg>ELSE</arg>
<arg>Run Keyword And Ignore Error</arg>
<arg>Capture Page Screenshot</arg>
<arg>selenium-screenshot-${index.__str__()}.png</arg>
</arguments>
<assign>
<var>${passes}</var>
<var>${screenshot}</var>
</assign>
<kw name="Run Keyword And Ignore Error" library="BuiltIn">
<doc>Runs the given keyword with the given arguments and ignores possible error.</doc>
<arguments>
<arg>Capture Page Screenshot</arg>
<arg>selenium-screenshot-${index.__str__()}.png</arg>
</arguments>
<kw name="Capture Page Screenshot" library="SeleniumLibrary">
<doc>Takes a screenshot of the current page and embeds it into a log file.</doc>
<arguments>
<arg>selenium-screenshot-${index.__str__()}.png</arg>
</arguments>
<msg timestamp="20200313 10:40:52.332" level="INFO">Cannot capture screenshot because no browser is open.</msg>
<status status="PASS" starttime="20200313 10:40:52.332" endtime="20200313 10:40:52.332"></status>
</kw>
<status status="PASS" starttime="20200313 10:40:52.331" endtime="20200313 10:40:52.332"></status>
</kw>
<msg timestamp="20200313 10:40:52.332" level="INFO">${passes} = PASS</msg>
<msg timestamp="20200313 10:40:52.332" level="INFO">${screenshot} = None</msg>
<status status="PASS" starttime="20200313 10:40:52.331" endtime="20200313 10:40:52.332"></status>
</kw>
<kw name="Run Keyword If" library="BuiltIn">
<doc>Runs the given keyword with the given arguments, if ``condition`` is true.</doc>
<arguments>
<arg>'${passes}'=='PASS' and ${index}%20==0</arg>
<arg>Log To Console</arg>
<arg>${screenshot}</arg>
</arguments>
<msg timestamp="20200313 10:40:52.333" level="FAIL">Evaluating expression ''PASS'=='PASS' and None%20==0' failed: TypeError: unsupported operand type(s) for %: 'NoneType' and 'int'</msg>
<status status="FAIL" starttime="20200313 10:40:52.332" endtime="20200313 10:40:52.333"></status>
</kw>
<status status="FAIL" starttime="20200313 10:40:52.296" endtime="20200313 10:40:52.333"></status>
</kw>
<msg timestamp="20200313 10:40:52.333" level="WARN">Keyword 'Custom screenshot' could not be run on failure: Several failures occurred:

1) Replacing variables from keyword return value failed: Variable '${Screenshot Index}' not found.

2) Evaluating expression ''PASS'=='PASS' and None%20==0' failed: TypeError: unsupported operand type(s) for %: 'NoneType' and 'int'</msg>
<msg timestamp="20200313 10:40:52.333" level="FAIL">No browser is open.</msg>
<status status="FAIL" starttime="20200313 10:40:52.296" endtime="20200313 10:40:52.333"></status>
</kw>
<msg timestamp="20200313 10:40:52.333" level="INFO">${passes 4} = False</msg>
<status status="PASS" starttime="20200313 10:40:52.296" endtime="20200313 10:40:52.334"></status>
</kw>
<kw name="Run Keyword And Return Status" library="BuiltIn">
<doc>Runs the given keyword with given arguments and returns the status as a Boolean value.</doc>
<arguments>
<arg>Page Should Not Contain</arg>
<arg>We're sorry, but something went wrong (500)</arg>
</arguments>
<assign>
<var>${passes 5}</var>
</assign>
<kw name="Page Should Not Contain" library="SeleniumLibrary">
<doc>Verifies the current page does not contain ``text``.</doc>
<arguments>
<arg>We're sorry, but something went wrong (500)</arg>
</arguments>
<kw name="Custom screenshot" library="dom_var">
<kw name="Increment Running Screenshot" library="setup">
<assign>
<var>${index}</var>
</assign>
<kw name="Set Global Variable" library="BuiltIn">
<doc>Makes a variable available globally in all tests and suites.</doc>
<arguments>
<arg>${Screenshot Index}</arg>
<arg>${Screenshot Index+1}</arg>
</arguments>
<msg timestamp="20200313 10:40:52.358" level="FAIL">Resolving variable '${Screenshot Index+1}' failed: Variable '${Screenshot Index}' not found.</msg>
<status status="FAIL" starttime="20200313 10:40:52.335" endtime="20200313 10:40:52.358"></status>
</kw>
<msg timestamp="20200313 10:40:52.369" level="INFO">${index} = None</msg>
<msg timestamp="20200313 10:40:52.369" level="FAIL">Replacing variables from keyword return value failed: Variable '${Screenshot Index}' not found.</msg>
<status status="FAIL" starttime="20200313 10:40:52.335" endtime="20200313 10:40:52.369"></status>
</kw>
<kw name="Run Keyword If" library="BuiltIn">
<doc>Runs the given keyword with the given arguments, if ``condition`` is true.</doc>
<arguments>
<arg>${RF HUG}</arg>
<arg>Run Keyword And Ignore Error</arg>
<arg>Capture Page Screenshot</arg>
<arg>screenshots/selenium-screenshot-${UUID}-${index.__str__()}.png</arg>
<arg>ELSE</arg>
<arg>Run Keyword And Ignore Error</arg>
<arg>Capture Page Screenshot</arg>
<arg>selenium-screenshot-${index.__str__()}.png</arg>
</arguments>
<assign>
<var>${passes}</var>
<var>${screenshot}</var>
</assign>
<kw name="Run Keyword And Ignore Error" library="BuiltIn">
<doc>Runs the given keyword with the given arguments and ignores possible error.</doc>
<arguments>
<arg>Capture Page Screenshot</arg>
<arg>selenium-screenshot-${index.__str__()}.png</arg>
</arguments>
<kw name="Capture Page Screenshot" library="SeleniumLibrary">
<doc>Takes a screenshot of the current page and embeds it into a log file.</doc>
<arguments>
<arg>selenium-screenshot-${index.__str__()}.png</arg>
</arguments>
<msg timestamp="20200313 10:40:52.370" level="INFO">Cannot capture screenshot because no browser is open.</msg>
<status status="PASS" starttime="20200313 10:40:52.370" endtime="20200313 10:40:52.370"></status>
</kw>
<status status="PASS" starttime="20200313 10:40:52.370" endtime="20200313 10:40:52.370"></status>
</kw>
<msg timestamp="20200313 10:40:52.371" level="INFO">${passes} = PASS</msg>
<msg timestamp="20200313 10:40:52.371" level="INFO">${screenshot} = None</msg>
<status status="PASS" starttime="20200313 10:40:52.369" endtime="20200313 10:40:52.371"></status>
</kw>
<kw name="Run Keyword If" library="BuiltIn">
<doc>Runs the given keyword with the given arguments, if ``condition`` is true.</doc>
<arguments>
<arg>'${passes}'=='PASS' and ${index}%20==0</arg>
<arg>Log To Console</arg>
<arg>${screenshot}</arg>
</arguments>
<msg timestamp="20200313 10:40:52.371" level="FAIL">Evaluating expression ''PASS'=='PASS' and None%20==0' failed: TypeError: unsupported operand type(s) for %: 'NoneType' and 'int'</msg>
<status status="FAIL" starttime="20200313 10:40:52.371" endtime="20200313 10:40:52.371"></status>
</kw>
<status status="FAIL" starttime="20200313 10:40:52.334" endtime="20200313 10:40:52.371"></status>
</kw>
<msg timestamp="20200313 10:40:52.371" level="WARN">Keyword 'Custom screenshot' could not be run on failure: Several failures occurred:

1) Replacing variables from keyword return value failed: Variable '${Screenshot Index}' not found.

2) Evaluating expression ''PASS'=='PASS' and None%20==0' failed: TypeError: unsupported operand type(s) for %: 'NoneType' and 'int'</msg>
<msg timestamp="20200313 10:40:52.372" level="FAIL">No browser is open.</msg>
<status status="FAIL" starttime="20200313 10:40:52.334" endtime="20200313 10:40:52.372"></status>
</kw>
<msg timestamp="20200313 10:40:52.372" level="INFO">${passes 5} = False</msg>
<status status="PASS" starttime="20200313 10:40:52.334" endtime="20200313 10:40:52.372"></status>
</kw>
<kw name="Run Keyword Unless" library="BuiltIn">
<doc>Runs the given keyword with the given arguments if ``condition`` is false.</doc>
<arguments>
<arg>${passes 1} and ${passes 2} and ${passes 3} and ${passes 4} and ${passes 5}</arg>
<arg>Fail</arg>
<arg>Bad page!</arg>
</arguments>
<kw name="Fail" library="BuiltIn">
<doc>Fails the test with the given message and optionally alters its tags.</doc>
<arguments>
<arg>Bad page!</arg>
</arguments>
<msg timestamp="20200313 10:40:52.373" level="FAIL">Bad page!</msg>
<status status="FAIL" starttime="20200313 10:40:52.373" endtime="20200313 10:40:52.373"></status>
</kw>
<status status="FAIL" starttime="20200313 10:40:52.372" endtime="20200313 10:40:52.373"></status>
</kw>
<status status="FAIL" starttime="20200313 10:40:52.164" endtime="20200313 10:40:52.373"></status>
</kw>
<kw name="Location Should Contain" library="SeleniumLibrary">
<doc>Verifies that the current URL contains ``expected``.</doc>
<arguments>
<arg>${BASE URL}${${page}}</arg>
</arguments>
<kw name="Custom screenshot" library="dom_var">
<kw name="Increment Running Screenshot" library="setup">
<assign>
<var>${index}</var>
</assign>
<kw name="Set Global Variable" library="BuiltIn">
<doc>Makes a variable available globally in all tests and suites.</doc>
<arguments>
<arg>${Screenshot Index}</arg>
<arg>${Screenshot Index+1}</arg>
</arguments>
<msg timestamp="20200313 10:40:52.397" level="FAIL">Resolving variable '${Screenshot Index+1}' failed: Variable '${Screenshot Index}' not found.</msg>
<status status="FAIL" starttime="20200313 10:40:52.374" endtime="20200313 10:40:52.397"></status>
</kw>
<msg timestamp="20200313 10:40:52.408" level="INFO">${index} = None</msg>
<msg timestamp="20200313 10:40:52.408" level="FAIL">Replacing variables from keyword return value failed: Variable '${Screenshot Index}' not found.</msg>
<status status="FAIL" starttime="20200313 10:40:52.374" endtime="20200313 10:40:52.408"></status>
</kw>
<kw name="Run Keyword If" library="BuiltIn">
<doc>Runs the given keyword with the given arguments, if ``condition`` is true.</doc>
<arguments>
<arg>${RF HUG}</arg>
<arg>Run Keyword And Ignore Error</arg>
<arg>Capture Page Screenshot</arg>
<arg>screenshots/selenium-screenshot-${UUID}-${index.__str__()}.png</arg>
<arg>ELSE</arg>
<arg>Run Keyword And Ignore Error</arg>
<arg>Capture Page Screenshot</arg>
<arg>selenium-screenshot-${index.__str__()}.png</arg>
</arguments>
<assign>
<var>${passes}</var>
<var>${screenshot}</var>
</assign>
<kw name="Run Keyword And Ignore Error" library="BuiltIn">
<doc>Runs the given keyword with the given arguments and ignores possible error.</doc>
<arguments>
<arg>Capture Page Screenshot</arg>
<arg>selenium-screenshot-${index.__str__()}.png</arg>
</arguments>
<kw name="Capture Page Screenshot" library="SeleniumLibrary">
<doc>Takes a screenshot of the current page and embeds it into a log file.</doc>
<arguments>
<arg>selenium-screenshot-${index.__str__()}.png</arg>
</arguments>
<msg timestamp="20200313 10:40:52.409" level="INFO">Cannot capture screenshot because no browser is open.</msg>
<status status="PASS" starttime="20200313 10:40:52.409" endtime="20200313 10:40:52.409"></status>
</kw>
<status status="PASS" starttime="20200313 10:40:52.408" endtime="20200313 10:40:52.409"></status>
</kw>
<msg timestamp="20200313 10:40:52.409" level="INFO">${passes} = PASS</msg>
<msg timestamp="20200313 10:40:52.409" level="INFO">${screenshot} = None</msg>
<status status="PASS" starttime="20200313 10:40:52.408" endtime="20200313 10:40:52.409"></status>
</kw>
<kw name="Run Keyword If" library="BuiltIn">
<doc>Runs the given keyword with the given arguments, if ``condition`` is true.</doc>
<arguments>
<arg>'${passes}'=='PASS' and ${index}%20==0</arg>
<arg>Log To Console</arg>
<arg>${screenshot}</arg>
</arguments>
<msg timestamp="20200313 10:40:52.410" level="FAIL">Evaluating expression ''PASS'=='PASS' and None%20==0' failed: TypeError: unsupported operand type(s) for %: 'NoneType' and 'int'</msg>
<status status="FAIL" starttime="20200313 10:40:52.409" endtime="20200313 10:40:52.410"></status>
</kw>
<status status="FAIL" starttime="20200313 10:40:52.374" endtime="20200313 10:40:52.410"></status>
</kw>
<msg timestamp="20200313 10:40:52.410" level="WARN">Keyword 'Custom screenshot' could not be run on failure: Several failures occurred:

1) Replacing variables from keyword return value failed: Variable '${Screenshot Index}' not found.

2) Evaluating expression ''PASS'=='PASS' and None%20==0' failed: TypeError: unsupported operand type(s) for %: 'NoneType' and 'int'</msg>
<msg timestamp="20200313 10:40:52.411" level="FAIL">No browser is open.</msg>
<status status="FAIL" starttime="20200313 10:40:52.373" endtime="20200313 10:40:52.411"></status>
</kw>
<status status="FAIL" starttime="20200313 10:40:52.164" endtime="20200313 10:40:52.411"></status>
</kw>
<status status="FAIL" starttime="20200313 10:40:52.074" endtime="20200313 10:40:52.411"></status>
</kw>
<kw name="Searching for &quot;${name}&quot;" library="suite">
<kw name="Input Text" library="SeleniumLibrary">
<doc>Types the given ``text`` into the text field identified by ``locator``.</doc>
<arguments>
<arg>term_form</arg>
<arg>${name}</arg>
</arguments>
<msg timestamp="20200313 10:40:52.412" level="INFO">Typing text 'Coughind Forlot Japnes' into text field 'term_form'.</msg>
<kw name="Custom screenshot" library="dom_var">
<kw name="Increment Running Screenshot" library="setup">
<assign>
<var>${index}</var>
</assign>
<kw name="Set Global Variable" library="BuiltIn">
<doc>Makes a variable available globally in all tests and suites.</doc>
<arguments>
<arg>${Screenshot Index}</arg>
<arg>${Screenshot Index+1}</arg>
</arguments>
<msg timestamp="20200313 10:40:52.435" level="FAIL">Resolving variable '${Screenshot Index+1}' failed: Variable '${Screenshot Index}' not found.</msg>
<status status="FAIL" starttime="20200313 10:40:52.413" endtime="20200313 10:40:52.435"></status>
</kw>
<msg timestamp="20200313 10:40:52.446" level="INFO">${index} = None</msg>
<msg timestamp="20200313 10:40:52.446" level="FAIL">Replacing variables from keyword return value failed: Variable '${Screenshot Index}' not found.</msg>
<status status="FAIL" starttime="20200313 10:40:52.412" endtime="20200313 10:40:52.446"></status>
</kw>
<kw name="Run Keyword If" library="BuiltIn">
<doc>Runs the given keyword with the given arguments, if ``condition`` is true.</doc>
<arguments>
<arg>${RF HUG}</arg>
<arg>Run Keyword And Ignore Error</arg>
<arg>Capture Page Screenshot</arg>
<arg>screenshots/selenium-screenshot-${UUID}-${index.__str__()}.png</arg>
<arg>ELSE</arg>
<arg>Run Keyword And Ignore Error</arg>
<arg>Capture Page Screenshot</arg>
<arg>selenium-screenshot-${index.__str__()}.png</arg>
</arguments>
<assign>
<var>${passes}</var>
<var>${screenshot}</var>
</assign>
<kw name="Run Keyword And Ignore Error" library="BuiltIn">
<doc>Runs the given keyword with the given arguments and ignores possible error.</doc>
<arguments>
<arg>Capture Page Screenshot</arg>
<arg>selenium-screenshot-${index.__str__()}.png</arg>
</arguments>
<kw name="Capture Page Screenshot" library="SeleniumLibrary">
<doc>Takes a screenshot of the current page and embeds it into a log file.</doc>
<arguments>
<arg>selenium-screenshot-${index.__str__()}.png</arg>
</arguments>
<msg timestamp="20200313 10:40:52.448" level="INFO">Cannot capture screenshot because no browser is open.</msg>
<status status="PASS" starttime="20200313 10:40:52.447" endtime="20200313 10:40:52.448"></status>
</kw>
<status status="PASS" starttime="20200313 10:40:52.447" endtime="20200313 10:40:52.448"></status>
</kw>
<msg timestamp="20200313 10:40:52.448" level="INFO">${passes} = PASS</msg>
<msg timestamp="20200313 10:40:52.448" level="INFO">${screenshot} = None</msg>
<status status="PASS" starttime="20200313 10:40:52.447" endtime="20200313 10:40:52.448"></status>
</kw>
<kw name="Run Keyword If" library="BuiltIn">
<doc>Runs the given keyword with the given arguments, if ``condition`` is true.</doc>
<arguments>
<arg>'${passes}'=='PASS' and ${index}%20==0</arg>
<arg>Log To Console</arg>
<arg>${screenshot}</arg>
</arguments>
<msg timestamp="20200313 10:40:52.448" level="FAIL">Evaluating expression ''PASS'=='PASS' and None%20==0' failed: TypeError: unsupported operand type(s) for %: 'NoneType' and 'int'</msg>
<status status="FAIL" starttime="20200313 10:40:52.448" endtime="20200313 10:40:52.449"></status>
</kw>
<status status="FAIL" starttime="20200313 10:40:52.412" endtime="20200313 10:40:52.449"></status>
</kw>
<msg timestamp="20200313 10:40:52.449" level="WARN">Keyword 'Custom screenshot' could not be run on failure: Several failures occurred:

1) Replacing variables from keyword return value failed: Variable '${Screenshot Index}' not found.

2) Evaluating expression ''PASS'=='PASS' and None%20==0' failed: TypeError: unsupported operand type(s) for %: 'NoneType' and 'int'</msg>
<msg timestamp="20200313 10:40:52.449" level="FAIL">No browser is open.</msg>
<status status="FAIL" starttime="20200313 10:40:52.412" endtime="20200313 10:40:52.449"></status>
</kw>
<kw name="Click Button" library="SeleniumLibrary">
<doc>Clicks the button identified by ``locator``.</doc>
<arguments>
<arg>search</arg>
</arguments>
<msg timestamp="20200313 10:40:52.450" level="INFO">Clicking button 'search'.</msg>
<kw name="Custom screenshot" library="dom_var">
<kw name="Increment Running Screenshot" library="setup">
<assign>
<var>${index}</var>
</assign>
<kw name="Set Global Variable" library="BuiltIn">
<doc>Makes a variable available globally in all tests and suites.</doc>
<arguments>
<arg>${Screenshot Index}</arg>
<arg>${Screenshot Index+1}</arg>
</arguments>
<msg timestamp="20200313 10:40:52.473" level="FAIL">Resolving variable '${Screenshot Index+1}' failed: Variable '${Screenshot Index}' not found.</msg>
<status status="FAIL" starttime="20200313 10:40:52.451" endtime="20200313 10:40:52.473"></status>
</kw>
<msg timestamp="20200313 10:40:52.484" level="INFO">${index} = None</msg>
<msg timestamp="20200313 10:40:52.484" level="FAIL">Replacing variables from keyword return value failed: Variable '${Screenshot Index}' not found.</msg>
<status status="FAIL" starttime="20200313 10:40:52.450" endtime="20200313 10:40:52.484"></status>
</kw>
<kw name="Run Keyword If" library="BuiltIn">
<doc>Runs the given keyword with the given arguments, if ``condition`` is true.</doc>
<arguments>
<arg>${RF HUG}</arg>
<arg>Run Keyword And Ignore Error</arg>
<arg>Capture Page Screenshot</arg>
<arg>screenshots/selenium-screenshot-${UUID}-${index.__str__()}.png</arg>
<arg>ELSE</arg>
<arg>Run Keyword And Ignore Error</arg>
<arg>Capture Page Screenshot</arg>
<arg>selenium-screenshot-${index.__str__()}.png</arg>
</arguments>
<assign>
<var>${passes}</var>
<var>${screenshot}</var>
</assign>
<kw name="Run Keyword And Ignore Error" library="BuiltIn">
<doc>Runs the given keyword with the given arguments and ignores possible error.</doc>
<arguments>
<arg>Capture Page Screenshot</arg>
<arg>selenium-screenshot-${index.__str__()}.png</arg>
</arguments>
<kw name="Capture Page Screenshot" library="SeleniumLibrary">
<doc>Takes a screenshot of the current page and embeds it into a log file.</doc>
<arguments>
<arg>selenium-screenshot-${index.__str__()}.png</arg>
</arguments>
<msg timestamp="20200313 10:40:52.485" level="INFO">Cannot capture screenshot because no browser is open.</msg>
<status status="PASS" starttime="20200313 10:40:52.485" endtime="20200313 10:40:52.486"></status>
</kw>
[...]
<msg timestamp="20200313 10:40:51.648" level="WARN">Error in file '/Users/shaunotey/Documents/QA:ROBOT/HealthMatters_TestSuites/keywords/creation.robot': Escaping empty cells with '\' before line continuation marker '...' is deprecated. Remove escaping before Robot Framework 3.2.</msg>
<msg timestamp="20200313 10:40:51.648" level="WARN">Error in file '/Users/shaunotey/Documents/QA:ROBOT/HealthMatters_TestSuites/keywords/creation.robot': Escaping empty cells with '\' before line continuation marker '...' is deprecated. Remove escaping before Robot Framework 3.2.</msg>
<msg timestamp="20200313 10:40:51.648" level="WARN">Error in file '/Users/shaunotey/Documents/QA:ROBOT/HealthMatters_TestSuites/keywords/creation.robot': Escaping empty cells with '\' before line continuation marker '...' is deprecated. Remove escaping before Robot Framework 3.2.</msg>
<msg timestamp="20200313 10:40:51.648" level="WARN">Error in file '/Users/shaunotey/Documents/QA:ROBOT/HealthMatters_TestSuites/keywords/creation.robot': Escaping empty cells with '\' before line continuation marker '...' is deprecated. Remove escaping before Robot Framework 3.2.</msg>
<msg timestamp="20200313 10:40:51.648" level="WARN">Error in file '/Users/shaunotey/Documents/QA:ROBOT/HealthMatters_TestSuites/keywords/creation.robot': Escaping empty cells with '\' before line continuation marker '...' is deprecated. Remove escaping before Robot Framework 3.2.</msg>
<msg timestamp="20200313 10:40:51.648" level="WARN">Error in file '/Users/shaunotey/Documents/QA:ROBOT/HealthMatters_TestSuites/keywords/creation.robot': Escaping empty cells with '\' before line continuation marker '...' is deprecated. Remove escaping before Robot Framework 3.2.</msg>
<msg timestamp="20200313 10:40:51.649" level="WARN">Error in file '/Users/shaunotey/Documents/QA:ROBOT/HealthMatters_TestSuites/keywords/creation.robot': Escaping empty cells with '\' before line continuation marker '...' is deprecated. Remove escaping before Robot Framework 3.2.</msg>
<msg timestamp="20200313 10:40:51.649" level="WARN">Error in file '/Users/shaunotey/Documents/QA:ROBOT/HealthMatters_TestSuites/keywords/creation.robot': Escaping empty cells with '\' before line continuation marker '...' is deprecated. Remove escaping before Robot Framework 3.2.</msg>
<msg timestamp="20200313 10:40:51.649" level="WARN">Error in file '/Users/shaunotey/Documents/QA:ROBOT/HealthMatters_TestSuites/keywords/creation.robot': Escaping empty cells with '\' before line continuation marker '...' is deprecated. Remove escaping before Robot Framework 3.2.</msg>
<msg timestamp="20200313 10:40:51.649" level="WARN">Error in file '/Users/shaunotey/Documents/QA:ROBOT/HealthMatters_TestSuites/keywords/creation.robot': Escaping empty cells with '\' before line continuation marker '...' is deprecated. Remove escaping before Robot Framework 3.2.</msg>
<msg timestamp="20200313 10:40:51.649" level="WARN">Error in file '/Users/shaunotey/Documents/QA:ROBOT/HealthMatters_TestSuites/keywords/creation.robot': Escaping empty cells with '\' before line continuation marker '...' is deprecated. Remove escaping before Robot Framework 3.2.</msg>
<msg timestamp="20200313 10:40:51.649" level="WARN">Error in file '/Users/shaunotey/Documents/QA:ROBOT/HealthMatters_TestSuites/keywords/creation.robot': Escaping empty cells with '\' before line continuation marker '...' is deprecated. Remove escaping before Robot Framework 3.2.</msg>
<msg timestamp="20200313 10:40:51.649" level="WARN">Error in file '/Users/shaunotey/Documents/QA:ROBOT/HealthMatters_TestSuites/keywords/creation.robot': Escaping empty cells with '\' before line continuation marker '...' is deprecated. Remove escaping before Robot Framework 3.2.</msg>
<msg timestamp="20200313 10:40:51.649" level="WARN">Error in file '/Users/shaunotey/Documents/QA:ROBOT/HealthMatters_TestSuites/keywords/creation.robot': Escaping empty cells with '\' before line continuation marker '...' is deprecated. Remove escaping before Robot Framework 3.2.</msg>
<msg timestamp="20200313 10:40:51.782" level="ERROR">Error in file '/Users/shaunotey/Documents/QA:ROBOT/HealthMatters_TestSuites/suite.robot': Resource file 'secret.robot' does not exist.</msg>
<msg timestamp="20200313 10:40:51.833" level="WARN">Keyword 'Custom screenshot' could not be run on failure: Resolving variable '${Screenshot Index+1}' failed: Variable '${Screenshot Index}' not found.</msg>
<msg timestamp="20200313 10:40:51.892" level="WARN">Keyword 'Custom screenshot' could not be run on failure: Several failures occurred:

1) Replacing variables from keyword return value failed: Variable '${Screenshot Index}' not found.

2) Evaluating expression ''PASS'=='PASS' and None%20==0' failed: TypeError: unsupported operand type(s) for %: 'NoneType' and 'int'</msg>
<msg timestamp="20200313 10:40:51.938" level="WARN">Keyword 'Custom screenshot' could not be run on failure: Several failures occurred:

1) Replacing variables from keyword return value failed: Variable '${Screenshot Index}' not found.

2) Evaluating expression ''PASS'=='PASS' and None%20==0' failed: TypeError: unsupported operand type(s) for %: 'NoneType' and 'int'</msg>
<msg timestamp="20200313 10:40:51.984" level="WARN">Keyword 'Custom screenshot' could not be run on failure: Several failures occurred:

1) Replacing variables from keyword return value failed: Variable '${Screenshot Index}' not found.

2) Evaluating expression ''PASS'=='PASS' and None%20==0' failed: TypeError: unsupported operand type(s) for %: 'NoneType' and 'int'</msg>
<msg timestamp="20200313 10:40:52.026" level="WARN">Keyword 'Custom screenshot' could not be run on failure: Several failures occurred:

1) Replacing variables from keyword return value failed: Variable '${Screenshot Index}' not found.

2) Evaluating expression ''PASS'=='PASS' and None%20==0' failed: TypeError: unsupported operand type(s) for %: 'NoneType' and 'int'</msg>
<msg timestamp="20200313 10:40:52.068" level="WARN">Keyword 'Custom screenshot' could not be run on failure: Several failures occurred:

1) Replacing variables from keyword return value failed: Variable '${Screenshot Index}' not found.

2) Evaluating expression ''PASS'=='PASS' and None%20==0' failed: TypeError: unsupported operand type(s) for %: 'NoneType' and 'int'</msg>
<msg timestamp="20200313 10:40:52.110" level="WARN">Keyword 'Custom screenshot' could not be run on failure: Several failures occurred:

1) Replacing variables from keyword return value failed: Variable '${Screenshot Index}' not found.

2) Evaluating expression ''PASS'=='PASS' and None%20==0' failed: TypeError: unsupported operand type(s) for %: 'NoneType' and 'int'</msg>
<msg timestamp="20200313 10:40:52.149" level="WARN">Keyword 'Custom screenshot' could not be run on failure: Several failures occurred:

1) Replacing variables from keyword return value failed: Variable '${Screenshot Index}' not found.

2) Evaluating expression ''PASS'=='PASS' and None%20==0' failed: TypeError: unsupported operand type(s) for %: 'NoneType' and 'int'</msg>
<msg timestamp="20200313 10:40:52.220" level="WARN">Keyword 'Custom screenshot' could not be run on failure: Several failures occurred:

1) Replacing variables from keyword return value failed: Variable '${Screenshot Index}' not found.

2) Evaluating expression ''PASS'=='PASS' and None%20==0' failed: TypeError: unsupported operand type(s) for %: 'NoneType' and 'int'</msg>
<msg timestamp="20200313 10:40:52.257" level="WARN">Keyword 'Custom screenshot' could not be run on failure: Several failures occurred:

1) Replacing variables from keyword return value failed: Variable '${Screenshot Index}' not found.

2) Evaluating expression ''PASS'=='PASS' and None%20==0' failed: TypeError: unsupported operand type(s) for %: 'NoneType' and 'int'</msg>
<msg timestamp="20200313 10:40:52.295" level="WARN">Keyword 'Custom screenshot' could not be run on failure: Several failures occurred:

1) Replacing variables from keyword return value failed: Variable '${Screenshot Index}' not found.

2) Evaluating expression ''PASS'=='PASS' and None%20==0' failed: TypeError: unsupported operand type(s) for %: 'NoneType' and 'int'</msg>
<msg timestamp="20200313 10:40:52.333" level="WARN">Keyword 'Custom screenshot' could not be run on failure: Several failures occurred:

1) Replacing variables from keyword return value failed: Variable '${Screenshot Index}' not found.

2) Evaluating expression ''PASS'=='PASS' and None%20==0' failed: TypeError: unsupported operand type(s) for %: 'NoneType' and 'int'</msg>
<msg timestamp="20200313 10:40:52.371" level="WARN">Keyword 'Custom screenshot' could not be run on failure: Several failures occurred:

1) Replacing variables from keyword return value failed: Variable '${Screenshot Index}' not found.

2) Evaluating expression ''PASS'=='PASS' and None%20==0' failed: TypeError: unsupported operand type(s) for %: 'NoneType' and 'int'</msg>
<msg timestamp="20200313 10:40:52.410" level="WARN">Keyword 'Custom screenshot' could not be run on failure: Several failures occurred:

1) Replacing variables from keyword return value failed: Variable '${Screenshot Index}' not found.

2) Evaluating expression ''PASS'=='PASS' and None%20==0' failed: TypeError: unsupported operand type(s) for %: 'NoneType' and 'int'</msg>
<msg timestamp="20200313 10:40:52.449" level="WARN">Keyword 'Custom screenshot' could not be run on failure: Several failures occurred:

1) Replacing variables from keyword return value failed: Variable '${Screenshot Index}' not found.

2) Evaluating expression ''PASS'=='PASS' and None%20==0' failed: TypeError: unsupported operand type(s) for %: 'NoneType' and 'int'</msg>
<msg timestamp="20200313 10:40:52.487" level="WARN">Keyword 'Custom screenshot' could not be run on failure: Several failures occurred:

1) Replacing variables from keyword return value failed: Variable '${Screenshot Index}' not found.

2) Evaluating expression ''PASS'=='PASS' and None%20==0' failed: TypeError: unsupported operand type(s) for %: 'NoneType' and 'int'</msg>
<msg timestamp="20200313 10:40:52.525" level="WARN">Keyword 'Custom screenshot' could not be run on failure: Several failures occurred:

1) Replacing variables from keyword return value failed: Variable '${Screenshot Index}' not found.

2) Evaluating expression ''PASS'=='PASS' and None%20==0' failed: TypeError: unsupported operand type(s) for %: 'NoneType' and 'int'</msg>
<msg timestamp="20200313 10:40:52.577" level="WARN">Keyword 'Custom screenshot' could not be run on failure: Several failures occurred:

1) Replacing variables from keyword return value failed: Variable '${Screenshot Index}' not found.

2) Evaluating expression ''PASS'=='PASS' and None%20==0' failed: TypeError: unsupported operand type(s) for %: 'NoneType' and 'int'</msg>
<msg timestamp="20200313 10:40:52.616" level="WARN">Keyword 'Custom screenshot' could not be run on failure: Several failures occurred:

1) Replacing variables from keyword return value failed: Variable '${Screenshot Index}' not found.

2) Evaluating expression ''PASS'=='PASS' and None%20==0' failed: TypeError: unsupported operand type(s) for %: 'NoneType' and 'int'</msg>
<msg timestamp="20200313 10:40:52.655" level="WARN">Keyword 'Custom screenshot' could not be run on failure: Several failures occurred:

1) Replacing variables from keyword return value failed: Variable '${Screenshot Index}' not found.

2) Evaluating expression ''PASS'=='PASS' and None%20==0' failed: TypeError: unsupported operand type(s) for %: 'NoneType' and 'int'</msg>
<msg timestamp="20200313 10:40:52.692" level="WARN">Keyword 'Custom screenshot' could not be run on failure: Several failures occurred:

1) Replacing variables from keyword return value failed: Variable '${Screenshot Index}' not found.

2) Evaluating expression ''PASS'=='PASS' and None%20==0' failed: TypeError: unsupported operand type(s) for %: 'NoneType' and 'int'</msg>
<msg timestamp="20200313 10:40:52.729" level="WARN">Keyword 'Custom screenshot' could not be run on failure: Several failures occurred:

1) Replacing variables from keyword return value failed: Variable '${Screenshot Index}' not found.

2) Evaluating expression ''PASS'=='PASS' and None%20==0' failed: TypeError: unsupported operand type(s) for %: 'NoneType' and 'int'</msg>
<msg timestamp="20200313 10:40:52.768" level="WARN">Keyword 'Custom screenshot' could not be run on failure: Several failures occurred:

1) Replacing variables from keyword return value failed: Variable '${Screenshot Index}' not found.

2) Evaluating expression ''PASS'=='PASS' and None%20==0' failed: TypeError: unsupported operand type(s) for %: 'NoneType' and 'int'</msg>
<msg timestamp="20200313 10:40:52.813" level="WARN">Keyword 'Custom screenshot' could not be run on failure: Several failures occurred:

1) Replacing variables from keyword return value failed: Variable '${Screenshot Index}' not found.

2) Evaluating expression ''PASS'=='PASS' and None%20==0' failed: TypeError: unsupported operand type(s) for %: 'NoneType' and 'int'</msg>
<msg timestamp="20200313 10:40:52.853" level="WARN">Keyword 'Custom screenshot' could not be run on failure: Several failures occurred:

1) Replacing variables from keyword return value failed: Variable '${Screenshot Index}' not found.

2) Evaluating expression ''PASS'=='PASS' and None%20==0' failed: TypeError: unsupported operand type(s) for %: 'NoneType' and 'int'</msg>
<msg timestamp="20200313 10:40:52.890" level="WARN">Keyword 'Custom screenshot' could not be run on failure: Several failures occurred:

1) Replacing variables from keyword return value failed: Variable '${Screenshot Index}' not found.

2) Evaluating expression ''PASS'=='PASS' and None%20==0' failed: TypeError: unsupported operand type(s) for %: 'NoneType' and 'int'</msg>
<msg timestamp="20200313 10:40:54.137" level="WARN">Keyword 'Custom screenshot' could not be run on failure: Several failures occurred:

1) Replacing variables from keyword return value failed: Variable '${Screenshot Index}' not found.

2) Evaluating expression ''PASS'=='PASS' and None%20==0' failed: TypeError: unsupported operand type(s) for %: 'NoneType' and 'int'</msg>
<msg timestamp="20200313 10:40:54.179" level="WARN">Keyword 'Custom screenshot' could not be run on failure: Several failures occurred:

1) Replacing variables from keyword return value failed: Variable '${Screenshot Index}' not found.

2) Evaluating expression ''PASS'=='PASS' and None%20==0' failed: TypeError: unsupported operand type(s) for %: 'NoneType' and 'int'</msg>
<msg timestamp="20200313 10:40:55.422" level="WARN">Keyword 'Custom screenshot' could not be run on failure: Several failures occurred:

1) Replacing variables from keyword return value failed: Variable '${Screenshot Index}' not found.

2) Evaluating expression ''PASS'=='PASS' and None%20==0' failed: TypeError: unsupported operand type(s) for %: 'NoneType' and 'int'</msg>
<msg timestamp="20200313 10:40:55.462" level="WARN">Keyword 'Custom screenshot' could not be run on failure: Several failures occurred:

1) Replacing variables from keyword return value failed: Variable '${Screenshot Index}' not found.

2) Evaluating expression ''PASS'=='PASS' and None%20==0' failed: TypeError: unsupported operand type(s) for %: 'NoneType' and 'int'</msg>
<msg timestamp="20200313 10:40:56.704" level="WARN">Keyword 'Custom screenshot' could not be run on failure: Several failures occurred:

1) Replacing variables from keyword return value failed: Variable '${Screenshot Index}' not found.

2) Evaluating expression ''PASS'=='PASS' and None%20==0' failed: TypeError: unsupported operand type(s) for %: 'NoneType' and 'int'</msg>
<msg timestamp="20200313 10:40:56.745" level="WARN">Keyword 'Custom screenshot' could not be run on failure: Several failures occurred:

1) Replacing variables from keyword return value failed: Variable '${Screenshot Index}' not found.

2) Evaluating expression ''PASS'=='PASS' and None%20==0' failed: TypeError: unsupported operand type(s) for %: 'NoneType' and 'int'</msg>
<msg timestamp="20200313 10:40:56.991" level="WARN">Keyword 'Custom screenshot' could not be run on failure: Several failures occurred:

1) Replacing variables from keyword return value failed: Variable '${Screenshot Index}' not found.

2) Evaluating expression ''PASS'=='PASS' and None%20==0' failed: TypeError: unsupported operand type(s) for %: 'NoneType' and 'int'</msg>
<msg timestamp="20200313 10:40:57.032" level="WARN">Keyword 'Custom screenshot' could not be run on failure: Several failures occurred:

1) Replacing variables from keyword return value failed: Variable '${Screenshot Index}' not found.

2) Evaluating expression ''PASS'=='PASS' and None%20==0' failed: TypeError: unsupported operand type(s) for %: 'NoneType' and 'int'</msg>
<msg timestamp="20200313 10:40:57.076" level="WARN">Keyword 'Custom screenshot' could not be run on failure: Several failures occurred:

1) Replacing variables from keyword return value failed: Variable '${Screenshot Index}' not found.

2) Evaluating expression ''PASS'=='PASS' and None%20==0' failed: TypeError: unsupported operand type(s) for %: 'NoneType' and 'int'</msg>
<msg timestamp="20200313 10:40:57.117" level="WARN">Keyword 'Custom screenshot' could not be run on failure: Several failures occurred:

1) Replacing variables from keyword return value failed: Variable '${Screenshot Index}' not found.

2) Evaluating expression ''PASS'=='PASS' and None%20==0' failed: TypeError: unsupported operand type(s) for %: 'NoneType' and 'int'</msg>
<msg timestamp="20200313 10:40:57.160" level="WARN">Keyword 'Custom screenshot' could not be run on failure: Several failures occurred:

1) Replacing variables from keyword return value failed: Variable '${Screenshot Index}' not found.

2) Evaluating expression ''PASS'=='PASS' and None%20==0' failed: TypeError: unsupported operand type(s) for %: 'NoneType' and 'int'</msg>
<msg timestamp="20200313 10:40:57.199" level="WARN">Keyword 'Custom screenshot' could not be run on failure: Several failures occurred:

1) Replacing variables from keyword return value failed: Variable '${Screenshot Index}' not found.

2) Evaluating expression ''PASS'=='PASS' and None%20==0' failed: TypeError: unsupported operand type(s) for %: 'NoneType' and 'int'</msg>
<msg timestamp="20200313 10:40:57.240" level="WARN">Keyword 'Custom screenshot' could not be run on failure: Several failures occurred:

1) Replacing variables from keyword return value failed: Variable '${Screenshot Index}' not found.

2) Evaluating expression ''PASS'=='PASS' and None%20==0' failed: TypeError: unsupported operand type(s) for %: 'NoneType' and 'int'</msg>
<msg timestamp="20200313 10:40:57.281" level="WARN">Keyword 'Custom screenshot' could not be run on failure: Several failures occurred:

1) Replacing variables from keyword return value failed: Variable '${Screenshot Index}' not found.

2) Evaluating expression ''PASS'=='PASS' and None%20==0' failed: TypeError: unsupported operand type(s) for %: 'NoneType' and 'int'</msg>
<msg timestamp="20200313 10:40:57.321" level="WARN">Keyword 'Custom screenshot' could not be run on failure: Several failures occurred:

1) Replacing variables from keyword return value failed: Variable '${Screenshot Index}' not found.

2) Evaluating expression ''PASS'=='PASS' and None%20==0' failed: TypeError: unsupported operand type(s) for %: 'NoneType' and 'int'</msg>
<msg timestamp="20200313 10:40:57.361" level="WARN">Keyword 'Custom screenshot' could not be run on failure: Several failures occurred:

1) Replacing variables from keyword return value failed: Variable '${Screenshot Index}' not found.

2) Evaluating expression ''PASS'=='PASS' and None%20==0' failed: TypeError: unsupported operand type(s) for %: 'NoneType' and 'int'</msg>
</errors>
</robot>
